<?xml version="1.0" encoding="UTF-8"?>
<testsuite name="io.budgetapp.resource.UserResourceIT" tests="3" skipped="0" failures="0" errors="0" timestamp="2017-09-12T04:13:14" hostname="LAPTOP-FULR87Q7" time="0.088">
  <properties/>
  <testcase name="shouldBeAbleValidateSignUpForm" classname="io.budgetapp.resource.UserResourceIT" time="0.032"/>
  <testcase name="shouldAbleChangePassword" classname="io.budgetapp.resource.UserResourceIT" time="0.022"/>
  <testcase name="shouldAbleCreateUser" classname="io.budgetapp.resource.UserResourceIT" time="0.034"/>
  <system-out><![CDATA[INFO  [2017-09-12 04:13:13,646] io.dropwizard.server.DefaultServerFactory: Registering jersey handler with root path prefix: /
INFO  [2017-09-12 04:13:13,646] io.dropwizard.server.DefaultServerFactory: Registering admin handler with root path prefix: /
INFO  [2017-09-12 04:13:13,650] io.dropwizard.hibernate.SessionFactoryFactory: Entity classes: [io.budgetapp.model.AuthToken, io.budgetapp.model.Budget, io.budgetapp.model.BudgetType, io.budgetapp.model.Category, io.budgetapp.model.Recurring, io.budgetapp.model.Transaction, io.budgetapp.model.User]
INFO  [2017-09-12 04:13:13,659] org.hibernate.dialect.Dialect: HHH000400: Using dialect: io.budgetapp.hibernate.dialect.CustomHSQLDialect
INFO  [2017-09-12 04:13:13,684] org.hibernate.type.BasicTypeRegistry: HHH000270: Type registration [java.util.Currency] overrides previous : org.hibernate.type.CurrencyType@6c6e30
INFO  [2017-09-12 04:13:13,684] org.hibernate.type.BasicTypeRegistry: HHH000270: Type registration [java.time.Duration] overrides previous : org.hibernate.type.DurationType@5c65f571
INFO  [2017-09-12 04:13:13,684] org.hibernate.type.BasicTypeRegistry: HHH000270: Type registration [java.time.Instant] overrides previous : org.hibernate.type.InstantType@caa11e8
INFO  [2017-09-12 04:13:13,684] org.hibernate.type.BasicTypeRegistry: HHH000270: Type registration [java.time.LocalDate] overrides previous : org.hibernate.type.LocalDateType@1ce95d55
INFO  [2017-09-12 04:13:13,684] org.hibernate.type.BasicTypeRegistry: HHH000270: Type registration [java.time.LocalDateTime] overrides previous : org.hibernate.type.LocalDateTimeType@2425cce2
INFO  [2017-09-12 04:13:13,684] org.hibernate.type.BasicTypeRegistry: HHH000270: Type registration [java.time.LocalTime] overrides previous : org.hibernate.type.LocalTimeType@305d818c
INFO  [2017-09-12 04:13:13,684] org.hibernate.type.BasicTypeRegistry: HHH000270: Type registration [java.time.OffsetDateTime] overrides previous : org.hibernate.type.OffsetDateTimeType@66886127
INFO  [2017-09-12 04:13:13,684] org.hibernate.type.BasicTypeRegistry: HHH000270: Type registration [java.time.OffsetTime] overrides previous : org.hibernate.type.OffsetTimeType@6cc0f3c8
INFO  [2017-09-12 04:13:13,684] org.hibernate.type.BasicTypeRegistry: HHH000270: Type registration [java.time.ZonedDateTime] overrides previous : org.hibernate.type.ZonedDateTimeType@71e700cb
WARN  [2017-09-12 04:13:13,710] com.google.common.cache.CacheBuilder: ignoring weigher specified without maximumWeight
INFO  [2017-09-12 04:13:13,711] io.dropwizard.server.DefaultServerFactory: Registering jersey handler with root path prefix: /
INFO  [2017-09-12 04:13:13,711] io.dropwizard.server.DefaultServerFactory: Registering admin handler with root path prefix: /
INFO  [2017-09-12 04:13:13,711] io.dropwizard.server.ServerFactory: Starting budget-app
  ____            _            _                          
 |  _ \          | |          | |       /\                
 | |_) |_   _  __| | __ _  ___| |_     /  \   _ __  _ __  
 |  _ <| | | |/ _` |/ _` |/ _ \ __|   / /\ \ | '_ \| '_ \ 
 | |_) | |_| | (_| | (_| |  __/ |_   / ____ \| |_) | |_) |
 |____/ \__,_|\__,_|\__, |\___|\__| /_/    \_\ .__/| .__/ 
                     __/ |                   | |   | |    
                    |___/                    |_|   |_|

INFO  [2017-09-12 04:13:13,714] org.eclipse.jetty.setuid.SetUIDListener: Opened application@19c847e9{HTTP/1.1,[http/1.1]}{0.0.0.0:9999}
INFO  [2017-09-12 04:13:13,714] org.eclipse.jetty.setuid.SetUIDListener: Opened admin@4dc52104{HTTP/1.1,[http/1.1]}{0.0.0.0:8081}
INFO  [2017-09-12 04:13:13,714] org.eclipse.jetty.server.Server: jetty-9.4.2.v20170220
INFO  [2017-09-12 04:13:13,714] io.budgetapp.managed.MigrationManaged: begin migration
INFO  [2017-09-12 04:13:13,768] liquibase: Successfully acquired change log lock
INFO  [2017-09-12 04:13:13,823] liquibase: Reading from PUBLIC.DATABASECHANGELOG
INFO  [2017-09-12 04:13:13,830] liquibase: Successfully released change log lock
INFO  [2017-09-12 04:13:13,831] io.budgetapp.managed.MigrationManaged: finish migration
INFO  [2017-09-12 04:13:13,835] org.eclipse.jetty.ContextHandler.4a8884d1: org.tuckey.web.filters.urlrewrite.UrlRewriteFilter INFO: loaded (conf ok)
DEBUG [2017-09-12 04:13:13,848] io.budgetapp.job.RecurringJob: Start Recurring job job
DEBUG [2017-09-12 04:13:13,848] io.budgetapp.service.FinanceService: Begin update recurrings...
INFO  [2017-09-12 04:13:13,848] org.hibernate.hql.internal.QueryTranslatorFactoryInitiator: HHH000397: Using ASTQueryTranslatorFactory
DEBUG [2017-09-12 04:13:13,858] org.hibernate.SQL: 
    /* SELECT
        r 
    FROM
        Recurring r 
    WHERE
        (
            r.recurringType = :daily 
            AND DAY(r.lastRunAt) = :yesterday
        ) 
        OR (
            r.recurringType = :weekly 
            AND WEEK(r.lastRunAt) = :lastWeek 
            AND DAYOFWEEK(r.lastRunAt) = DAYOFWEEK(CURRENT_TIMESTAMP)
        ) 
        OR (
            r.recurringType = :monthly 
            AND MONTH(r.lastRunAt) = :lastMonth 
            AND DAY(r.lastRunAt) = DAY(CURRENT_TIMESTAMP)
        ) 
        OR (
            r.recurringType = :yearly 
            AND YEAR(r.lastRunAt) = :lastYear 
            AND MONTH(r.lastRunAt) = MONTH(CURRENT_TIMESTAMP)
        ) 
        OR r.lastRunAt IS NULL */ select
            recurring0_.id as id1_4_,
            recurring0_.amount as amount2_4_,
            recurring0_.budget_type_id as budget_t7_4_,
            recurring0_.created_at as created_3_4_,
            recurring0_.last_run_at as last_run4_4_,
            recurring0_.type as type5_4_,
            recurring0_.remark as remark6_4_ 
        from
            recurrings recurring0_ 
        where
            recurring0_.type=? 
            and day(recurring0_.last_run_at)=? 
            or recurring0_.type=? 
            and extract(week_of_year 
        from
            recurring0_.last_run_at)=? 
            and dayofweek(recurring0_.last_run_at)=dayofweek(CURRENT_TIMESTAMP) 
            or recurring0_.type=? 
            and month(recurring0_.last_run_at)=? 
            and day(recurring0_.last_run_at)=day(CURRENT_TIMESTAMP) 
            or recurring0_.type=? 
            and year(recurring0_.last_run_at)=? 
            and month(recurring0_.last_run_at)=month(CURRENT_TIMESTAMP) 
            or recurring0_.last_run_at is null
DEBUG [2017-09-12 04:13:13,859] io.budgetapp.service.FinanceService: Found 0 recurring(s) item to update
DEBUG [2017-09-12 04:13:13,859] io.budgetapp.service.FinanceService: Finish update recurrings...
DEBUG [2017-09-12 04:13:13,859] io.budgetapp.job.RecurringJob: Complete Recurring job job and took 11ms
INFO  [2017-09-12 04:13:13,859] org.hibernate.engine.internal.StatisticalLoggingSessionEventListener: Session Metrics {
    44430 nanoseconds spent acquiring 2 JDBC connections;
    24330 nanoseconds spent releasing 2 JDBC connections;
    513059 nanoseconds spent preparing 1 JDBC statements;
    68408 nanoseconds spent executing 1 JDBC statements;
    0 nanoseconds spent executing 0 JDBC batches;
    0 nanoseconds spent performing 0 L2C puts;
    0 nanoseconds spent performing 0 L2C hits;
    0 nanoseconds spent performing 0 L2C misses;
    0 nanoseconds spent executing 0 flushes (flushing a total of 0 entities and 0 collections);
    4937 nanoseconds spent executing 1 partial-flushes (flushing a total of 0 entities and 0 collections)
}
INFO  [2017-09-12 04:13:13,928] io.dropwizard.jersey.DropwizardResourceConfig: The following paths were found for the configured resources:

    GET     /api/budgets (io.budgetapp.resource.BudgetResource)
    POST    /api/budgets (io.budgetapp.resource.BudgetResource)
    GET     /api/budgets/suggests (io.budgetapp.resource.BudgetResource)
    DELETE  /api/budgets/{id} (io.budgetapp.resource.BudgetResource)
    GET     /api/budgets/{id} (io.budgetapp.resource.BudgetResource)
    PUT     /api/budgets/{id} (io.budgetapp.resource.BudgetResource)
    GET     /api/budgets/{id}/transactions (io.budgetapp.resource.BudgetResource)
    GET     /api/categories (io.budgetapp.resource.CategoryResource)
    POST    /api/categories (io.budgetapp.resource.CategoryResource)
    GET     /api/categories/suggests (io.budgetapp.resource.CategoryResource)
    GET     /api/categories/summary (io.budgetapp.resource.CategoryResource)
    DELETE  /api/categories/{id} (io.budgetapp.resource.CategoryResource)
    GET     /api/categories/{id} (io.budgetapp.resource.CategoryResource)
    GET     /api/categories/{id}/budgets (io.budgetapp.resource.CategoryResource)
    GET     /api/health/ping (io.budgetapp.resource.HealthCheckResource)
    GET     /api/recurrings (io.budgetapp.resource.RecurringResource)
    POST    /api/recurrings (io.budgetapp.resource.RecurringResource)
    DELETE  /api/recurrings/{id} (io.budgetapp.resource.RecurringResource)
    GET     /api/recurrings/{id}/transactions (io.budgetapp.resource.RecurringResource)
    POST    /api/reports/transactions (io.budgetapp.resource.ReportResource)
    GET     /api/transactions (io.budgetapp.resource.TransactionResource)
    POST    /api/transactions (io.budgetapp.resource.TransactionResource)
    GET     /api/transactions/monthly (io.budgetapp.resource.TransactionResource)
    GET     /api/transactions/summary (io.budgetapp.resource.TransactionResource)
    GET     /api/transactions/today (io.budgetapp.resource.TransactionResource)
    DELETE  /api/transactions/{id} (io.budgetapp.resource.TransactionResource)
    GET     /api/transactions/{id} (io.budgetapp.resource.TransactionResource)
    POST    /api/users (io.budgetapp.resource.UserResource)
    PUT     /api/users (io.budgetapp.resource.UserResource)
    GET     /api/users/account (io.budgetapp.resource.UserResource)
    POST    /api/users/auth (io.budgetapp.resource.UserResource)
    PUT     /api/users/password (io.budgetapp.resource.UserResource)
    GET     /api/users/ping (io.budgetapp.resource.UserResource)
    GET     /api/users/usage (io.budgetapp.resource.UserResource)

INFO  [2017-09-12 04:13:13,930] org.eclipse.jetty.server.handler.ContextHandler: Started i.d.j.MutableServletContextHandler@4a8884d1{/,null,AVAILABLE}
INFO  [2017-09-12 04:13:13,930] io.dropwizard.setup.AdminEnvironment: tasks = 

    POST    /tasks/log-level (io.dropwizard.servlets.tasks.LogConfigurationTask)
    POST    /tasks/gc (io.dropwizard.servlets.tasks.GarbageCollectionTask)

INFO  [2017-09-12 04:13:13,931] org.eclipse.jetty.server.handler.ContextHandler: Started i.d.j.MutableServletContextHandler@7952baf3{/,null,AVAILABLE}
INFO  [2017-09-12 04:13:13,933] org.eclipse.jetty.server.AbstractConnector: Started application@19c847e9{HTTP/1.1,[http/1.1]}{0.0.0.0:9999}
INFO  [2017-09-12 04:13:13,934] org.eclipse.jetty.server.AbstractConnector: Started admin@4dc52104{HTTP/1.1,[http/1.1]}{0.0.0.0:8081}
INFO  [2017-09-12 04:13:13,934] org.eclipse.jetty.server.Server: Started @10090ms
DEBUG [2017-09-12 04:13:13,952] io.budgetapp.resource.ResourceIT: 1 * Sending client request on thread Test worker
1 > POST http://localhost:9999/api/users
1 > Accept: application/json
1 > Content-Type: application/json
{"username":"f11ae409@97c5a807.com","password":"e3545f40"}

WARN  [2017-09-12 04:13:13,962] org.hibernate.orm.deprecation: HHH90000022: Hibernate's legacy org.hibernate.Criteria API is deprecated; use the JPA javax.persistence.criteria.CriteriaQuery instead
DEBUG [2017-09-12 04:13:13,963] org.hibernate.SQL: 
    /* criteria query */ select
        this_.id as id1_6_0_,
        this_.created_at as created_2_6_0_,
        this_.currency as currency3_6_0_,
        this_.name as name4_6_0_,
        this_.password as password5_6_0_,
        this_.username as username6_6_0_ 
    from
        users this_ 
    where
        lower(this_.username)=?
DEBUG [2017-09-12 04:13:13,965] io.budgetapp.dao.UserDAO: Add new user SignUpForm{username='f11ae409@97c5a807.com', password='2a3cd5b060bb47d577efd6d7d6a20eadc13ec2a2040a85fb8f40c7010c83e40c7ba31644721054ba'}
DEBUG [2017-09-12 04:13:13,965] org.hibernate.SQL: 
    /* insert io.budgetapp.model.User
        */ insert 
        into
            users
            (id, currency, name, password, username) 
        values
            (default, ?, ?, ?, ?)
WARN  [2017-09-12 04:13:13,966] org.hibernate.orm.deprecation: HHH90000022: Hibernate's legacy org.hibernate.Criteria API is deprecated; use the JPA javax.persistence.criteria.CriteriaQuery instead
DEBUG [2017-09-12 04:13:13,966] org.hibernate.SQL: 
    /* criteria query */ select
        this_.id as id1_3_1_,
        this_.created_at as created_2_3_1_,
        this_.name as name3_3_1_,
        this_.type as type4_3_1_,
        this_.user_id as user_id5_3_1_,
        user2_.id as id1_6_0_,
        user2_.created_at as created_2_6_0_,
        user2_.currency as currency3_6_0_,
        user2_.name as name4_6_0_,
        user2_.password as password5_6_0_,
        user2_.username as username6_6_0_ 
    from
        categories this_ 
    inner join
        users user2_ 
            on this_.user_id=user2_.id 
    where
        this_.user_id=? 
    order by
        this_.type desc
DEBUG [2017-09-12 04:13:13,967] io.budgetapp.service.FinanceService: Create default categories and budgets User{id=5, username='f11ae409@97c5a807.com'} 9-2017
DEBUG [2017-09-12 04:13:13,968] io.budgetapp.dao.CategoryDAO: Add new category Category{id=null, name='Income', type=INCOME, createdAt=null, user=null}
DEBUG [2017-09-12 04:13:13,969] org.hibernate.SQL: 
    /* insert io.budgetapp.model.Category
        */ insert 
        into
            categories
            (id, name, type, user_id) 
        values
            (default, ?, ?, ?)
DEBUG [2017-09-12 04:13:13,969] io.budgetapp.dao.CategoryDAO: Add new category Category{id=null, name='Home', type=EXPENDITURE, createdAt=null, user=null}
DEBUG [2017-09-12 04:13:13,969] org.hibernate.SQL: 
    /* insert io.budgetapp.model.Category
        */ insert 
        into
            categories
            (id, name, type, user_id) 
        values
            (default, ?, ?, ?)
DEBUG [2017-09-12 04:13:13,969] io.budgetapp.dao.CategoryDAO: Add new category Category{id=null, name='Transportation', type=EXPENDITURE, createdAt=null, user=null}
DEBUG [2017-09-12 04:13:13,970] org.hibernate.SQL: 
    /* insert io.budgetapp.model.Category
        */ insert 
        into
            categories
            (id, name, type, user_id) 
        values
            (default, ?, ?, ?)
DEBUG [2017-09-12 04:13:13,970] io.budgetapp.dao.CategoryDAO: Add new category Category{id=null, name='Health', type=EXPENDITURE, createdAt=null, user=null}
DEBUG [2017-09-12 04:13:13,971] org.hibernate.SQL: 
    /* insert io.budgetapp.model.Category
        */ insert 
        into
            categories
            (id, name, type, user_id) 
        values
            (default, ?, ?, ?)
DEBUG [2017-09-12 04:13:13,971] io.budgetapp.dao.CategoryDAO: Add new category Category{id=null, name='Charity/Gifts', type=EXPENDITURE, createdAt=null, user=null}
DEBUG [2017-09-12 04:13:13,971] org.hibernate.SQL: 
    /* insert io.budgetapp.model.Category
        */ insert 
        into
            categories
            (id, name, type, user_id) 
        values
            (default, ?, ?, ?)
DEBUG [2017-09-12 04:13:13,971] io.budgetapp.dao.CategoryDAO: Add new category Category{id=null, name='Daily Living', type=EXPENDITURE, createdAt=null, user=null}
DEBUG [2017-09-12 04:13:13,972] org.hibernate.SQL: 
    /* insert io.budgetapp.model.Category
        */ insert 
        into
            categories
            (id, name, type, user_id) 
        values
            (default, ?, ?, ?)
DEBUG [2017-09-12 04:13:13,972] io.budgetapp.dao.CategoryDAO: Add new category Category{id=null, name='Entertainment', type=EXPENDITURE, createdAt=null, user=null}
DEBUG [2017-09-12 04:13:13,972] org.hibernate.SQL: 
    /* insert io.budgetapp.model.Category
        */ insert 
        into
            categories
            (id, name, type, user_id) 
        values
            (default, ?, ?, ?)
DEBUG [2017-09-12 04:13:13,972] io.budgetapp.dao.CategoryDAO: Add new category Category{id=null, name='Savings', type=EXPENDITURE, createdAt=null, user=null}
DEBUG [2017-09-12 04:13:13,972] org.hibernate.SQL: 
    /* insert io.budgetapp.model.Category
        */ insert 
        into
            categories
            (id, name, type, user_id) 
        values
            (default, ?, ?, ?)
DEBUG [2017-09-12 04:13:13,973] io.budgetapp.dao.CategoryDAO: Add new category Category{id=null, name='Obligations', type=EXPENDITURE, createdAt=null, user=null}
DEBUG [2017-09-12 04:13:13,973] org.hibernate.SQL: 
    /* insert io.budgetapp.model.Category
        */ insert 
        into
            categories
            (id, name, type, user_id) 
        values
            (default, ?, ?, ?)
DEBUG [2017-09-12 04:13:13,973] io.budgetapp.dao.CategoryDAO: Add new category Category{id=null, name='Miscellaneous', type=EXPENDITURE, createdAt=null, user=null}
DEBUG [2017-09-12 04:13:13,974] org.hibernate.SQL: 
    /* insert io.budgetapp.model.Category
        */ insert 
        into
            categories
            (id, name, type, user_id) 
        values
            (default, ?, ?, ?)
DEBUG [2017-09-12 04:13:13,974] org.hibernate.SQL: 
    /* insert io.budgetapp.model.BudgetType
        */ insert 
        into
            budget_types
            (id) 
        values
            (default)
DEBUG [2017-09-12 04:13:13,974] io.budgetapp.dao.BudgetDAO: User User{id=5, username='f11ae409@97c5a807.com'} add budget Budget{id=null, actual=0.0, name='Wages & Tips', createdAt=null, user=null, category=Category{id=49, name='Income', type=INCOME, createdAt=null, user=User{id=5, username='f11ae409@97c5a807.com'}}}
DEBUG [2017-09-12 04:13:13,974] org.hibernate.SQL: 
    /* insert io.budgetapp.model.Budget
        */ insert 
        into
            budgets
            (id, actual, type_id, category_id, name, period_on, projected, user_id) 
        values
            (default, ?, ?, ?, ?, ?, ?, ?)
DEBUG [2017-09-12 04:13:13,975] org.hibernate.SQL: 
    /* insert io.budgetapp.model.BudgetType
        */ insert 
        into
            budget_types
            (id) 
        values
            (default)
DEBUG [2017-09-12 04:13:13,976] io.budgetapp.dao.BudgetDAO: User User{id=5, username='f11ae409@97c5a807.com'} add budget Budget{id=null, actual=0.0, name='Interest Income', createdAt=null, user=null, category=Category{id=49, name='Income', type=INCOME, createdAt=null, user=User{id=5, username='f11ae409@97c5a807.com'}}}
DEBUG [2017-09-12 04:13:13,976] org.hibernate.SQL: 
    /* insert io.budgetapp.model.Budget
        */ insert 
        into
            budgets
            (id, actual, type_id, category_id, name, period_on, projected, user_id) 
        values
            (default, ?, ?, ?, ?, ?, ?, ?)
DEBUG [2017-09-12 04:13:13,977] org.hibernate.SQL: 
    /* insert io.budgetapp.model.BudgetType
        */ insert 
        into
            budget_types
            (id) 
        values
            (default)
DEBUG [2017-09-12 04:13:13,978] io.budgetapp.dao.BudgetDAO: User User{id=5, username='f11ae409@97c5a807.com'} add budget Budget{id=null, actual=0.0, name='Dividends', createdAt=null, user=null, category=Category{id=49, name='Income', type=INCOME, createdAt=null, user=User{id=5, username='f11ae409@97c5a807.com'}}}
DEBUG [2017-09-12 04:13:13,978] org.hibernate.SQL: 
    /* insert io.budgetapp.model.Budget
        */ insert 
        into
            budgets
            (id, actual, type_id, category_id, name, period_on, projected, user_id) 
        values
            (default, ?, ?, ?, ?, ?, ?, ?)
DEBUG [2017-09-12 04:13:13,979] org.hibernate.SQL: 
    /* insert io.budgetapp.model.BudgetType
        */ insert 
        into
            budget_types
            (id) 
        values
            (default)
DEBUG [2017-09-12 04:13:13,979] io.budgetapp.dao.BudgetDAO: User User{id=5, username='f11ae409@97c5a807.com'} add budget Budget{id=null, actual=0.0, name='Gifts Received', createdAt=null, user=null, category=Category{id=49, name='Income', type=INCOME, createdAt=null, user=User{id=5, username='f11ae409@97c5a807.com'}}}
DEBUG [2017-09-12 04:13:13,979] org.hibernate.SQL: 
    /* insert io.budgetapp.model.Budget
        */ insert 
        into
            budgets
            (id, actual, type_id, category_id, name, period_on, projected, user_id) 
        values
            (default, ?, ?, ?, ?, ?, ?, ?)
DEBUG [2017-09-12 04:13:13,979] org.hibernate.SQL: 
    /* insert io.budgetapp.model.BudgetType
        */ insert 
        into
            budget_types
            (id) 
        values
            (default)
DEBUG [2017-09-12 04:13:13,979] io.budgetapp.dao.BudgetDAO: User User{id=5, username='f11ae409@97c5a807.com'} add budget Budget{id=null, actual=0.0, name='Refunds/Reimbursements', createdAt=null, user=null, category=Category{id=49, name='Income', type=INCOME, createdAt=null, user=User{id=5, username='f11ae409@97c5a807.com'}}}
DEBUG [2017-09-12 04:13:13,979] org.hibernate.SQL: 
    /* insert io.budgetapp.model.Budget
        */ insert 
        into
            budgets
            (id, actual, type_id, category_id, name, period_on, projected, user_id) 
        values
            (default, ?, ?, ?, ?, ?, ?, ?)
DEBUG [2017-09-12 04:13:13,980] org.hibernate.SQL: 
    /* insert io.budgetapp.model.BudgetType
        */ insert 
        into
            budget_types
            (id) 
        values
            (default)
DEBUG [2017-09-12 04:13:13,980] io.budgetapp.dao.BudgetDAO: User User{id=5, username='f11ae409@97c5a807.com'} add budget Budget{id=null, actual=0.0, name='Transfer From Savings', createdAt=null, user=null, category=Category{id=49, name='Income', type=INCOME, createdAt=null, user=User{id=5, username='f11ae409@97c5a807.com'}}}
DEBUG [2017-09-12 04:13:13,980] org.hibernate.SQL: 
    /* insert io.budgetapp.model.Budget
        */ insert 
        into
            budgets
            (id, actual, type_id, category_id, name, period_on, projected, user_id) 
        values
            (default, ?, ?, ?, ?, ?, ?, ?)
DEBUG [2017-09-12 04:13:13,980] org.hibernate.SQL: 
    /* insert io.budgetapp.model.BudgetType
        */ insert 
        into
            budget_types
            (id) 
        values
            (default)
DEBUG [2017-09-12 04:13:13,981] io.budgetapp.dao.BudgetDAO: User User{id=5, username='f11ae409@97c5a807.com'} add budget Budget{id=null, actual=0.0, name='Mortgage/Rent', createdAt=null, user=null, category=Category{id=50, name='Home', type=EXPENDITURE, createdAt=null, user=User{id=5, username='f11ae409@97c5a807.com'}}}
DEBUG [2017-09-12 04:13:13,981] org.hibernate.SQL: 
    /* insert io.budgetapp.model.Budget
        */ insert 
        into
            budgets
            (id, actual, type_id, category_id, name, period_on, projected, user_id) 
        values
            (default, ?, ?, ?, ?, ?, ?, ?)
DEBUG [2017-09-12 04:13:13,982] org.hibernate.SQL: 
    /* insert io.budgetapp.model.BudgetType
        */ insert 
        into
            budget_types
            (id) 
        values
            (default)
DEBUG [2017-09-12 04:13:13,982] io.budgetapp.dao.BudgetDAO: User User{id=5, username='f11ae409@97c5a807.com'} add budget Budget{id=null, actual=0.0, name='Home/Rental Insurance', createdAt=null, user=null, category=Category{id=50, name='Home', type=EXPENDITURE, createdAt=null, user=User{id=5, username='f11ae409@97c5a807.com'}}}
DEBUG [2017-09-12 04:13:13,982] org.hibernate.SQL: 
    /* insert io.budgetapp.model.Budget
        */ insert 
        into
            budgets
            (id, actual, type_id, category_id, name, period_on, projected, user_id) 
        values
            (default, ?, ?, ?, ?, ?, ?, ?)
DEBUG [2017-09-12 04:13:13,982] org.hibernate.SQL: 
    /* insert io.budgetapp.model.BudgetType
        */ insert 
        into
            budget_types
            (id) 
        values
            (default)
DEBUG [2017-09-12 04:13:13,982] io.budgetapp.dao.BudgetDAO: User User{id=5, username='f11ae409@97c5a807.com'} add budget Budget{id=null, actual=0.0, name='Electricity', createdAt=null, user=null, category=Category{id=50, name='Home', type=EXPENDITURE, createdAt=null, user=User{id=5, username='f11ae409@97c5a807.com'}}}
DEBUG [2017-09-12 04:13:13,982] org.hibernate.SQL: 
    /* insert io.budgetapp.model.Budget
        */ insert 
        into
            budgets
            (id, actual, type_id, category_id, name, period_on, projected, user_id) 
        values
            (default, ?, ?, ?, ?, ?, ?, ?)
DEBUG [2017-09-12 04:13:13,983] org.hibernate.SQL: 
    /* insert io.budgetapp.model.BudgetType
        */ insert 
        into
            budget_types
            (id) 
        values
            (default)
DEBUG [2017-09-12 04:13:13,983] io.budgetapp.dao.BudgetDAO: User User{id=5, username='f11ae409@97c5a807.com'} add budget Budget{id=null, actual=0.0, name='Gas/Oil', createdAt=null, user=null, category=Category{id=50, name='Home', type=EXPENDITURE, createdAt=null, user=User{id=5, username='f11ae409@97c5a807.com'}}}
DEBUG [2017-09-12 04:13:13,983] org.hibernate.SQL: 
    /* insert io.budgetapp.model.Budget
        */ insert 
        into
            budgets
            (id, actual, type_id, category_id, name, period_on, projected, user_id) 
        values
            (default, ?, ?, ?, ?, ?, ?, ?)
DEBUG [2017-09-12 04:13:13,983] org.hibernate.SQL: 
    /* insert io.budgetapp.model.BudgetType
        */ insert 
        into
            budget_types
            (id) 
        values
            (default)
DEBUG [2017-09-12 04:13:13,984] io.budgetapp.dao.BudgetDAO: User User{id=5, username='f11ae409@97c5a807.com'} add budget Budget{id=null, actual=0.0, name='Water/Sewer/Trash', createdAt=null, user=null, category=Category{id=50, name='Home', type=EXPENDITURE, createdAt=null, user=User{id=5, username='f11ae409@97c5a807.com'}}}
DEBUG [2017-09-12 04:13:13,984] org.hibernate.SQL: 
    /* insert io.budgetapp.model.Budget
        */ insert 
        into
            budgets
            (id, actual, type_id, category_id, name, period_on, projected, user_id) 
        values
            (default, ?, ?, ?, ?, ?, ?, ?)
DEBUG [2017-09-12 04:13:13,984] org.hibernate.SQL: 
    /* insert io.budgetapp.model.BudgetType
        */ insert 
        into
            budget_types
            (id) 
        values
            (default)
DEBUG [2017-09-12 04:13:13,984] io.budgetapp.dao.BudgetDAO: User User{id=5, username='f11ae409@97c5a807.com'} add budget Budget{id=null, actual=0.0, name='Phone', createdAt=null, user=null, category=Category{id=50, name='Home', type=EXPENDITURE, createdAt=null, user=User{id=5, username='f11ae409@97c5a807.com'}}}
DEBUG [2017-09-12 04:13:13,984] org.hibernate.SQL: 
    /* insert io.budgetapp.model.Budget
        */ insert 
        into
            budgets
            (id, actual, type_id, category_id, name, period_on, projected, user_id) 
        values
            (default, ?, ?, ?, ?, ?, ?, ?)
DEBUG [2017-09-12 04:13:13,984] org.hibernate.SQL: 
    /* insert io.budgetapp.model.BudgetType
        */ insert 
        into
            budget_types
            (id) 
        values
            (default)
DEBUG [2017-09-12 04:13:13,985] io.budgetapp.dao.BudgetDAO: User User{id=5, username='f11ae409@97c5a807.com'} add budget Budget{id=null, actual=0.0, name='Cable/Satellite', createdAt=null, user=null, category=Category{id=50, name='Home', type=EXPENDITURE, createdAt=null, user=User{id=5, username='f11ae409@97c5a807.com'}}}
DEBUG [2017-09-12 04:13:13,985] org.hibernate.SQL: 
    /* insert io.budgetapp.model.Budget
        */ insert 
        into
            budgets
            (id, actual, type_id, category_id, name, period_on, projected, user_id) 
        values
            (default, ?, ?, ?, ?, ?, ?, ?)
DEBUG [2017-09-12 04:13:13,986] org.hibernate.SQL: 
    /* insert io.budgetapp.model.BudgetType
        */ insert 
        into
            budget_types
            (id) 
        values
            (default)
DEBUG [2017-09-12 04:13:13,986] io.budgetapp.dao.BudgetDAO: User User{id=5, username='f11ae409@97c5a807.com'} add budget Budget{id=null, actual=0.0, name='Internet', createdAt=null, user=null, category=Category{id=50, name='Home', type=EXPENDITURE, createdAt=null, user=User{id=5, username='f11ae409@97c5a807.com'}}}
DEBUG [2017-09-12 04:13:13,986] org.hibernate.SQL: 
    /* insert io.budgetapp.model.Budget
        */ insert 
        into
            budgets
            (id, actual, type_id, category_id, name, period_on, projected, user_id) 
        values
            (default, ?, ?, ?, ?, ?, ?, ?)
DEBUG [2017-09-12 04:13:13,987] org.hibernate.SQL: 
    /* insert io.budgetapp.model.BudgetType
        */ insert 
        into
            budget_types
            (id) 
        values
            (default)
DEBUG [2017-09-12 04:13:13,987] io.budgetapp.dao.BudgetDAO: User User{id=5, username='f11ae409@97c5a807.com'} add budget Budget{id=null, actual=0.0, name='Furnishings/Appliances', createdAt=null, user=null, category=Category{id=50, name='Home', type=EXPENDITURE, createdAt=null, user=User{id=5, username='f11ae409@97c5a807.com'}}}
DEBUG [2017-09-12 04:13:13,987] org.hibernate.SQL: 
    /* insert io.budgetapp.model.Budget
        */ insert 
        into
            budgets
            (id, actual, type_id, category_id, name, period_on, projected, user_id) 
        values
            (default, ?, ?, ?, ?, ?, ?, ?)
DEBUG [2017-09-12 04:13:13,987] org.hibernate.SQL: 
    /* insert io.budgetapp.model.BudgetType
        */ insert 
        into
            budget_types
            (id) 
        values
            (default)
DEBUG [2017-09-12 04:13:13,987] io.budgetapp.dao.BudgetDAO: User User{id=5, username='f11ae409@97c5a807.com'} add budget Budget{id=null, actual=0.0, name='Lawn/Garden', createdAt=null, user=null, category=Category{id=50, name='Home', type=EXPENDITURE, createdAt=null, user=User{id=5, username='f11ae409@97c5a807.com'}}}
DEBUG [2017-09-12 04:13:13,987] org.hibernate.SQL: 
    /* insert io.budgetapp.model.Budget
        */ insert 
        into
            budgets
            (id, actual, type_id, category_id, name, period_on, projected, user_id) 
        values
            (default, ?, ?, ?, ?, ?, ?, ?)
DEBUG [2017-09-12 04:13:13,988] org.hibernate.SQL: 
    /* insert io.budgetapp.model.BudgetType
        */ insert 
        into
            budget_types
            (id) 
        values
            (default)
DEBUG [2017-09-12 04:13:13,988] io.budgetapp.dao.BudgetDAO: User User{id=5, username='f11ae409@97c5a807.com'} add budget Budget{id=null, actual=0.0, name='Maintenance/Supplies', createdAt=null, user=null, category=Category{id=50, name='Home', type=EXPENDITURE, createdAt=null, user=User{id=5, username='f11ae409@97c5a807.com'}}}
DEBUG [2017-09-12 04:13:13,988] org.hibernate.SQL: 
    /* insert io.budgetapp.model.Budget
        */ insert 
        into
            budgets
            (id, actual, type_id, category_id, name, period_on, projected, user_id) 
        values
            (default, ?, ?, ?, ?, ?, ?, ?)
DEBUG [2017-09-12 04:13:13,989] org.hibernate.SQL: 
    /* insert io.budgetapp.model.BudgetType
        */ insert 
        into
            budget_types
            (id) 
        values
            (default)
DEBUG [2017-09-12 04:13:13,989] io.budgetapp.dao.BudgetDAO: User User{id=5, username='f11ae409@97c5a807.com'} add budget Budget{id=null, actual=0.0, name='Improvements', createdAt=null, user=null, category=Category{id=50, name='Home', type=EXPENDITURE, createdAt=null, user=User{id=5, username='f11ae409@97c5a807.com'}}}
DEBUG [2017-09-12 04:13:13,989] org.hibernate.SQL: 
    /* insert io.budgetapp.model.Budget
        */ insert 
        into
            budgets
            (id, actual, type_id, category_id, name, period_on, projected, user_id) 
        values
            (default, ?, ?, ?, ?, ?, ?, ?)
DEBUG [2017-09-12 04:13:13,990] org.hibernate.SQL: 
    /* insert io.budgetapp.model.BudgetType
        */ insert 
        into
            budget_types
            (id) 
        values
            (default)
DEBUG [2017-09-12 04:13:13,990] io.budgetapp.dao.BudgetDAO: User User{id=5, username='f11ae409@97c5a807.com'} add budget Budget{id=null, actual=0.0, name='Vehicle Payments', createdAt=null, user=null, category=Category{id=51, name='Transportation', type=EXPENDITURE, createdAt=null, user=User{id=5, username='f11ae409@97c5a807.com'}}}
DEBUG [2017-09-12 04:13:13,990] org.hibernate.SQL: 
    /* insert io.budgetapp.model.Budget
        */ insert 
        into
            budgets
            (id, actual, type_id, category_id, name, period_on, projected, user_id) 
        values
            (default, ?, ?, ?, ?, ?, ?, ?)
DEBUG [2017-09-12 04:13:13,991] org.hibernate.SQL: 
    /* insert io.budgetapp.model.BudgetType
        */ insert 
        into
            budget_types
            (id) 
        values
            (default)
DEBUG [2017-09-12 04:13:13,991] io.budgetapp.dao.BudgetDAO: User User{id=5, username='f11ae409@97c5a807.com'} add budget Budget{id=null, actual=0.0, name='Auto Insurance', createdAt=null, user=null, category=Category{id=51, name='Transportation', type=EXPENDITURE, createdAt=null, user=User{id=5, username='f11ae409@97c5a807.com'}}}
DEBUG [2017-09-12 04:13:13,991] org.hibernate.SQL: 
    /* insert io.budgetapp.model.Budget
        */ insert 
        into
            budgets
            (id, actual, type_id, category_id, name, period_on, projected, user_id) 
        values
            (default, ?, ?, ?, ?, ?, ?, ?)
DEBUG [2017-09-12 04:13:13,992] org.hibernate.SQL: 
    /* insert io.budgetapp.model.BudgetType
        */ insert 
        into
            budget_types
            (id) 
        values
            (default)
DEBUG [2017-09-12 04:13:13,992] io.budgetapp.dao.BudgetDAO: User User{id=5, username='f11ae409@97c5a807.com'} add budget Budget{id=null, actual=0.0, name='Fuel', createdAt=null, user=null, category=Category{id=51, name='Transportation', type=EXPENDITURE, createdAt=null, user=User{id=5, username='f11ae409@97c5a807.com'}}}
DEBUG [2017-09-12 04:13:13,992] org.hibernate.SQL: 
    /* insert io.budgetapp.model.Budget
        */ insert 
        into
            budgets
            (id, actual, type_id, category_id, name, period_on, projected, user_id) 
        values
            (default, ?, ?, ?, ?, ?, ?, ?)
DEBUG [2017-09-12 04:13:13,992] org.hibernate.SQL: 
    /* insert io.budgetapp.model.BudgetType
        */ insert 
        into
            budget_types
            (id) 
        values
            (default)
DEBUG [2017-09-12 04:13:13,992] io.budgetapp.dao.BudgetDAO: User User{id=5, username='f11ae409@97c5a807.com'} add budget Budget{id=null, actual=0.0, name='Bus/Taxi/Train Fare', createdAt=null, user=null, category=Category{id=51, name='Transportation', type=EXPENDITURE, createdAt=null, user=User{id=5, username='f11ae409@97c5a807.com'}}}
DEBUG [2017-09-12 04:13:13,993] org.hibernate.SQL: 
    /* insert io.budgetapp.model.Budget
        */ insert 
        into
            budgets
            (id, actual, type_id, category_id, name, period_on, projected, user_id) 
        values
            (default, ?, ?, ?, ?, ?, ?, ?)
DEBUG [2017-09-12 04:13:13,993] org.hibernate.SQL: 
    /* insert io.budgetapp.model.BudgetType
        */ insert 
        into
            budget_types
            (id) 
        values
            (default)
DEBUG [2017-09-12 04:13:13,993] io.budgetapp.dao.BudgetDAO: User User{id=5, username='f11ae409@97c5a807.com'} add budget Budget{id=null, actual=0.0, name='Repairs', createdAt=null, user=null, category=Category{id=51, name='Transportation', type=EXPENDITURE, createdAt=null, user=User{id=5, username='f11ae409@97c5a807.com'}}}
DEBUG [2017-09-12 04:13:13,993] org.hibernate.SQL: 
    /* insert io.budgetapp.model.Budget
        */ insert 
        into
            budgets
            (id, actual, type_id, category_id, name, period_on, projected, user_id) 
        values
            (default, ?, ?, ?, ?, ?, ?, ?)
DEBUG [2017-09-12 04:13:13,993] org.hibernate.SQL: 
    /* insert io.budgetapp.model.BudgetType
        */ insert 
        into
            budget_types
            (id) 
        values
            (default)
DEBUG [2017-09-12 04:13:13,994] io.budgetapp.dao.BudgetDAO: User User{id=5, username='f11ae409@97c5a807.com'} add budget Budget{id=null, actual=0.0, name='Registration/License', createdAt=null, user=null, category=Category{id=51, name='Transportation', type=EXPENDITURE, createdAt=null, user=User{id=5, username='f11ae409@97c5a807.com'}}}
DEBUG [2017-09-12 04:13:13,994] org.hibernate.SQL: 
    /* insert io.budgetapp.model.Budget
        */ insert 
        into
            budgets
            (id, actual, type_id, category_id, name, period_on, projected, user_id) 
        values
            (default, ?, ?, ?, ?, ?, ?, ?)
DEBUG [2017-09-12 04:13:13,994] org.hibernate.SQL: 
    /* insert io.budgetapp.model.BudgetType
        */ insert 
        into
            budget_types
            (id) 
        values
            (default)
DEBUG [2017-09-12 04:13:13,994] io.budgetapp.dao.BudgetDAO: User User{id=5, username='f11ae409@97c5a807.com'} add budget Budget{id=null, actual=0.0, name='Health Insurance', createdAt=null, user=null, category=Category{id=52, name='Health', type=EXPENDITURE, createdAt=null, user=User{id=5, username='f11ae409@97c5a807.com'}}}
DEBUG [2017-09-12 04:13:13,994] org.hibernate.SQL: 
    /* insert io.budgetapp.model.Budget
        */ insert 
        into
            budgets
            (id, actual, type_id, category_id, name, period_on, projected, user_id) 
        values
            (default, ?, ?, ?, ?, ?, ?, ?)
DEBUG [2017-09-12 04:13:13,995] org.hibernate.SQL: 
    /* insert io.budgetapp.model.BudgetType
        */ insert 
        into
            budget_types
            (id) 
        values
            (default)
DEBUG [2017-09-12 04:13:13,996] io.budgetapp.dao.BudgetDAO: User User{id=5, username='f11ae409@97c5a807.com'} add budget Budget{id=null, actual=0.0, name='Doctor/Dentist', createdAt=null, user=null, category=Category{id=52, name='Health', type=EXPENDITURE, createdAt=null, user=User{id=5, username='f11ae409@97c5a807.com'}}}
DEBUG [2017-09-12 04:13:13,996] org.hibernate.SQL: 
    /* insert io.budgetapp.model.Budget
        */ insert 
        into
            budgets
            (id, actual, type_id, category_id, name, period_on, projected, user_id) 
        values
            (default, ?, ?, ?, ?, ?, ?, ?)
DEBUG [2017-09-12 04:13:13,998] org.hibernate.SQL: 
    /* insert io.budgetapp.model.BudgetType
        */ insert 
        into
            budget_types
            (id) 
        values
            (default)
DEBUG [2017-09-12 04:13:13,998] io.budgetapp.dao.BudgetDAO: User User{id=5, username='f11ae409@97c5a807.com'} add budget Budget{id=null, actual=0.0, name='Medicine/Drugs', createdAt=null, user=null, category=Category{id=52, name='Health', type=EXPENDITURE, createdAt=null, user=User{id=5, username='f11ae409@97c5a807.com'}}}
DEBUG [2017-09-12 04:13:13,999] org.hibernate.SQL: 
    /* insert io.budgetapp.model.Budget
        */ insert 
        into
            budgets
            (id, actual, type_id, category_id, name, period_on, projected, user_id) 
        values
            (default, ?, ?, ?, ?, ?, ?, ?)
DEBUG [2017-09-12 04:13:13,999] org.hibernate.SQL: 
    /* insert io.budgetapp.model.BudgetType
        */ insert 
        into
            budget_types
            (id) 
        values
            (default)
DEBUG [2017-09-12 04:13:14,000] io.budgetapp.dao.BudgetDAO: User User{id=5, username='f11ae409@97c5a807.com'} add budget Budget{id=null, actual=0.0, name='Health Club Dues', createdAt=null, user=null, category=Category{id=52, name='Health', type=EXPENDITURE, createdAt=null, user=User{id=5, username='f11ae409@97c5a807.com'}}}
DEBUG [2017-09-12 04:13:14,000] org.hibernate.SQL: 
    /* insert io.budgetapp.model.Budget
        */ insert 
        into
            budgets
            (id, actual, type_id, category_id, name, period_on, projected, user_id) 
        values
            (default, ?, ?, ?, ?, ?, ?, ?)
DEBUG [2017-09-12 04:13:14,001] org.hibernate.SQL: 
    /* insert io.budgetapp.model.BudgetType
        */ insert 
        into
            budget_types
            (id) 
        values
            (default)
DEBUG [2017-09-12 04:13:14,001] io.budgetapp.dao.BudgetDAO: User User{id=5, username='f11ae409@97c5a807.com'} add budget Budget{id=null, actual=0.0, name='Life Insurance', createdAt=null, user=null, category=Category{id=52, name='Health', type=EXPENDITURE, createdAt=null, user=User{id=5, username='f11ae409@97c5a807.com'}}}
DEBUG [2017-09-12 04:13:14,002] org.hibernate.SQL: 
    /* insert io.budgetapp.model.Budget
        */ insert 
        into
            budgets
            (id, actual, type_id, category_id, name, period_on, projected, user_id) 
        values
            (default, ?, ?, ?, ?, ?, ?, ?)
DEBUG [2017-09-12 04:13:14,003] org.hibernate.SQL: 
    /* insert io.budgetapp.model.BudgetType
        */ insert 
        into
            budget_types
            (id) 
        values
            (default)
DEBUG [2017-09-12 04:13:14,003] io.budgetapp.dao.BudgetDAO: User User{id=5, username='f11ae409@97c5a807.com'} add budget Budget{id=null, actual=0.0, name='Veterinarian/Pet Care', createdAt=null, user=null, category=Category{id=52, name='Health', type=EXPENDITURE, createdAt=null, user=User{id=5, username='f11ae409@97c5a807.com'}}}
DEBUG [2017-09-12 04:13:14,003] org.hibernate.SQL: 
    /* insert io.budgetapp.model.Budget
        */ insert 
        into
            budgets
            (id, actual, type_id, category_id, name, period_on, projected, user_id) 
        values
            (default, ?, ?, ?, ?, ?, ?, ?)
DEBUG [2017-09-12 04:13:14,004] org.hibernate.SQL: 
    /* insert io.budgetapp.model.BudgetType
        */ insert 
        into
            budget_types
            (id) 
        values
            (default)
DEBUG [2017-09-12 04:13:14,004] io.budgetapp.dao.BudgetDAO: User User{id=5, username='f11ae409@97c5a807.com'} add budget Budget{id=null, actual=0.0, name='Gifts Given', createdAt=null, user=null, category=Category{id=53, name='Charity/Gifts', type=EXPENDITURE, createdAt=null, user=User{id=5, username='f11ae409@97c5a807.com'}}}
DEBUG [2017-09-12 04:13:14,004] org.hibernate.SQL: 
    /* insert io.budgetapp.model.Budget
        */ insert 
        into
            budgets
            (id, actual, type_id, category_id, name, period_on, projected, user_id) 
        values
            (default, ?, ?, ?, ?, ?, ?, ?)
DEBUG [2017-09-12 04:13:14,005] org.hibernate.SQL: 
    /* insert io.budgetapp.model.BudgetType
        */ insert 
        into
            budget_types
            (id) 
        values
            (default)
DEBUG [2017-09-12 04:13:14,005] io.budgetapp.dao.BudgetDAO: User User{id=5, username='f11ae409@97c5a807.com'} add budget Budget{id=null, actual=0.0, name='Charitable Donations', createdAt=null, user=null, category=Category{id=53, name='Charity/Gifts', type=EXPENDITURE, createdAt=null, user=User{id=5, username='f11ae409@97c5a807.com'}}}
DEBUG [2017-09-12 04:13:14,005] org.hibernate.SQL: 
    /* insert io.budgetapp.model.Budget
        */ insert 
        into
            budgets
            (id, actual, type_id, category_id, name, period_on, projected, user_id) 
        values
            (default, ?, ?, ?, ?, ?, ?, ?)
DEBUG [2017-09-12 04:13:14,005] org.hibernate.SQL: 
    /* insert io.budgetapp.model.BudgetType
        */ insert 
        into
            budget_types
            (id) 
        values
            (default)
DEBUG [2017-09-12 04:13:14,006] io.budgetapp.dao.BudgetDAO: User User{id=5, username='f11ae409@97c5a807.com'} add budget Budget{id=null, actual=0.0, name='Religious Donations', createdAt=null, user=null, category=Category{id=53, name='Charity/Gifts', type=EXPENDITURE, createdAt=null, user=User{id=5, username='f11ae409@97c5a807.com'}}}
DEBUG [2017-09-12 04:13:14,006] org.hibernate.SQL: 
    /* insert io.budgetapp.model.Budget
        */ insert 
        into
            budgets
            (id, actual, type_id, category_id, name, period_on, projected, user_id) 
        values
            (default, ?, ?, ?, ?, ?, ?, ?)
DEBUG [2017-09-12 04:13:14,006] org.hibernate.SQL: 
    /* insert io.budgetapp.model.BudgetType
        */ insert 
        into
            budget_types
            (id) 
        values
            (default)
DEBUG [2017-09-12 04:13:14,006] io.budgetapp.dao.BudgetDAO: User User{id=5, username='f11ae409@97c5a807.com'} add budget Budget{id=null, actual=0.0, name='Groceries', createdAt=null, user=null, category=Category{id=54, name='Daily Living', type=EXPENDITURE, createdAt=null, user=User{id=5, username='f11ae409@97c5a807.com'}}}
DEBUG [2017-09-12 04:13:14,007] org.hibernate.SQL: 
    /* insert io.budgetapp.model.Budget
        */ insert 
        into
            budgets
            (id, actual, type_id, category_id, name, period_on, projected, user_id) 
        values
            (default, ?, ?, ?, ?, ?, ?, ?)
DEBUG [2017-09-12 04:13:14,007] org.hibernate.SQL: 
    /* insert io.budgetapp.model.BudgetType
        */ insert 
        into
            budget_types
            (id) 
        values
            (default)
DEBUG [2017-09-12 04:13:14,007] io.budgetapp.dao.BudgetDAO: User User{id=5, username='f11ae409@97c5a807.com'} add budget Budget{id=null, actual=0.0, name='Personal Supplies', createdAt=null, user=null, category=Category{id=54, name='Daily Living', type=EXPENDITURE, createdAt=null, user=User{id=5, username='f11ae409@97c5a807.com'}}}
DEBUG [2017-09-12 04:13:14,007] org.hibernate.SQL: 
    /* insert io.budgetapp.model.Budget
        */ insert 
        into
            budgets
            (id, actual, type_id, category_id, name, period_on, projected, user_id) 
        values
            (default, ?, ?, ?, ?, ?, ?, ?)
DEBUG [2017-09-12 04:13:14,008] org.hibernate.SQL: 
    /* insert io.budgetapp.model.BudgetType
        */ insert 
        into
            budget_types
            (id) 
        values
            (default)
DEBUG [2017-09-12 04:13:14,008] io.budgetapp.dao.BudgetDAO: User User{id=5, username='f11ae409@97c5a807.com'} add budget Budget{id=null, actual=0.0, name='Clothing', createdAt=null, user=null, category=Category{id=54, name='Daily Living', type=EXPENDITURE, createdAt=null, user=User{id=5, username='f11ae409@97c5a807.com'}}}
DEBUG [2017-09-12 04:13:14,009] org.hibernate.SQL: 
    /* insert io.budgetapp.model.Budget
        */ insert 
        into
            budgets
            (id, actual, type_id, category_id, name, period_on, projected, user_id) 
        values
            (default, ?, ?, ?, ?, ?, ?, ?)
DEBUG [2017-09-12 04:13:14,009] org.hibernate.SQL: 
    /* insert io.budgetapp.model.BudgetType
        */ insert 
        into
            budget_types
            (id) 
        values
            (default)
DEBUG [2017-09-12 04:13:14,009] io.budgetapp.dao.BudgetDAO: User User{id=5, username='f11ae409@97c5a807.com'} add budget Budget{id=null, actual=0.0, name='Cleaning', createdAt=null, user=null, category=Category{id=54, name='Daily Living', type=EXPENDITURE, createdAt=null, user=User{id=5, username='f11ae409@97c5a807.com'}}}
DEBUG [2017-09-12 04:13:14,010] org.hibernate.SQL: 
    /* insert io.budgetapp.model.Budget
        */ insert 
        into
            budgets
            (id, actual, type_id, category_id, name, period_on, projected, user_id) 
        values
            (default, ?, ?, ?, ?, ?, ?, ?)
DEBUG [2017-09-12 04:13:14,010] org.hibernate.SQL: 
    /* insert io.budgetapp.model.BudgetType
        */ insert 
        into
            budget_types
            (id) 
        values
            (default)
DEBUG [2017-09-12 04:13:14,011] io.budgetapp.dao.BudgetDAO: User User{id=5, username='f11ae409@97c5a807.com'} add budget Budget{id=null, actual=0.0, name='Education/Lessons', createdAt=null, user=null, category=Category{id=54, name='Daily Living', type=EXPENDITURE, createdAt=null, user=User{id=5, username='f11ae409@97c5a807.com'}}}
DEBUG [2017-09-12 04:13:14,011] org.hibernate.SQL: 
    /* insert io.budgetapp.model.Budget
        */ insert 
        into
            budgets
            (id, actual, type_id, category_id, name, period_on, projected, user_id) 
        values
            (default, ?, ?, ?, ?, ?, ?, ?)
DEBUG [2017-09-12 04:13:14,011] org.hibernate.SQL: 
    /* insert io.budgetapp.model.BudgetType
        */ insert 
        into
            budget_types
            (id) 
        values
            (default)
DEBUG [2017-09-12 04:13:14,012] io.budgetapp.dao.BudgetDAO: User User{id=5, username='f11ae409@97c5a807.com'} add budget Budget{id=null, actual=0.0, name='Dining/Eating Out', createdAt=null, user=null, category=Category{id=54, name='Daily Living', type=EXPENDITURE, createdAt=null, user=User{id=5, username='f11ae409@97c5a807.com'}}}
DEBUG [2017-09-12 04:13:14,012] org.hibernate.SQL: 
    /* insert io.budgetapp.model.Budget
        */ insert 
        into
            budgets
            (id, actual, type_id, category_id, name, period_on, projected, user_id) 
        values
            (default, ?, ?, ?, ?, ?, ?, ?)
DEBUG [2017-09-12 04:13:14,013] org.hibernate.SQL: 
    /* insert io.budgetapp.model.BudgetType
        */ insert 
        into
            budget_types
            (id) 
        values
            (default)
DEBUG [2017-09-12 04:13:14,013] io.budgetapp.dao.BudgetDAO: User User{id=5, username='f11ae409@97c5a807.com'} add budget Budget{id=null, actual=0.0, name='Salon/Barber', createdAt=null, user=null, category=Category{id=54, name='Daily Living', type=EXPENDITURE, createdAt=null, user=User{id=5, username='f11ae409@97c5a807.com'}}}
DEBUG [2017-09-12 04:13:14,013] org.hibernate.SQL: 
    /* insert io.budgetapp.model.Budget
        */ insert 
        into
            budgets
            (id, actual, type_id, category_id, name, period_on, projected, user_id) 
        values
            (default, ?, ?, ?, ?, ?, ?, ?)
DEBUG [2017-09-12 04:13:14,014] org.hibernate.SQL: 
    /* insert io.budgetapp.model.BudgetType
        */ insert 
        into
            budget_types
            (id) 
        values
            (default)
DEBUG [2017-09-12 04:13:14,014] io.budgetapp.dao.BudgetDAO: User User{id=5, username='f11ae409@97c5a807.com'} add budget Budget{id=null, actual=0.0, name='Pet Food', createdAt=null, user=null, category=Category{id=54, name='Daily Living', type=EXPENDITURE, createdAt=null, user=User{id=5, username='f11ae409@97c5a807.com'}}}
DEBUG [2017-09-12 04:13:14,014] org.hibernate.SQL: 
    /* insert io.budgetapp.model.Budget
        */ insert 
        into
            budgets
            (id, actual, type_id, category_id, name, period_on, projected, user_id) 
        values
            (default, ?, ?, ?, ?, ?, ?, ?)
DEBUG [2017-09-12 04:13:14,015] org.hibernate.SQL: 
    /* insert io.budgetapp.model.BudgetType
        */ insert 
        into
            budget_types
            (id) 
        values
            (default)
DEBUG [2017-09-12 04:13:14,015] io.budgetapp.dao.BudgetDAO: User User{id=5, username='f11ae409@97c5a807.com'} add budget Budget{id=null, actual=0.0, name='Videos/DVDs', createdAt=null, user=null, category=Category{id=55, name='Entertainment', type=EXPENDITURE, createdAt=null, user=User{id=5, username='f11ae409@97c5a807.com'}}}
DEBUG [2017-09-12 04:13:14,015] org.hibernate.SQL: 
    /* insert io.budgetapp.model.Budget
        */ insert 
        into
            budgets
            (id, actual, type_id, category_id, name, period_on, projected, user_id) 
        values
            (default, ?, ?, ?, ?, ?, ?, ?)
DEBUG [2017-09-12 04:13:14,016] org.hibernate.SQL: 
    /* insert io.budgetapp.model.BudgetType
        */ insert 
        into
            budget_types
            (id) 
        values
            (default)
DEBUG [2017-09-12 04:13:14,016] io.budgetapp.dao.BudgetDAO: User User{id=5, username='f11ae409@97c5a807.com'} add budget Budget{id=null, actual=0.0, name='Music', createdAt=null, user=null, category=Category{id=55, name='Entertainment', type=EXPENDITURE, createdAt=null, user=User{id=5, username='f11ae409@97c5a807.com'}}}
DEBUG [2017-09-12 04:13:14,016] org.hibernate.SQL: 
    /* insert io.budgetapp.model.Budget
        */ insert 
        into
            budgets
            (id, actual, type_id, category_id, name, period_on, projected, user_id) 
        values
            (default, ?, ?, ?, ?, ?, ?, ?)
DEBUG [2017-09-12 04:13:14,016] org.hibernate.SQL: 
    /* insert io.budgetapp.model.BudgetType
        */ insert 
        into
            budget_types
            (id) 
        values
            (default)
DEBUG [2017-09-12 04:13:14,017] io.budgetapp.dao.BudgetDAO: User User{id=5, username='f11ae409@97c5a807.com'} add budget Budget{id=null, actual=0.0, name='Games', createdAt=null, user=null, category=Category{id=55, name='Entertainment', type=EXPENDITURE, createdAt=null, user=User{id=5, username='f11ae409@97c5a807.com'}}}
DEBUG [2017-09-12 04:13:14,017] org.hibernate.SQL: 
    /* insert io.budgetapp.model.Budget
        */ insert 
        into
            budgets
            (id, actual, type_id, category_id, name, period_on, projected, user_id) 
        values
            (default, ?, ?, ?, ?, ?, ?, ?)
DEBUG [2017-09-12 04:13:14,017] org.hibernate.SQL: 
    /* insert io.budgetapp.model.BudgetType
        */ insert 
        into
            budget_types
            (id) 
        values
            (default)
DEBUG [2017-09-12 04:13:14,017] io.budgetapp.dao.BudgetDAO: User User{id=5, username='f11ae409@97c5a807.com'} add budget Budget{id=null, actual=0.0, name='Rentals', createdAt=null, user=null, category=Category{id=55, name='Entertainment', type=EXPENDITURE, createdAt=null, user=User{id=5, username='f11ae409@97c5a807.com'}}}
DEBUG [2017-09-12 04:13:14,018] org.hibernate.SQL: 
    /* insert io.budgetapp.model.Budget
        */ insert 
        into
            budgets
            (id, actual, type_id, category_id, name, period_on, projected, user_id) 
        values
            (default, ?, ?, ?, ?, ?, ?, ?)
DEBUG [2017-09-12 04:13:14,018] org.hibernate.SQL: 
    /* insert io.budgetapp.model.BudgetType
        */ insert 
        into
            budget_types
            (id) 
        values
            (default)
DEBUG [2017-09-12 04:13:14,018] io.budgetapp.dao.BudgetDAO: User User{id=5, username='f11ae409@97c5a807.com'} add budget Budget{id=null, actual=0.0, name='Movies/Theater', createdAt=null, user=null, category=Category{id=55, name='Entertainment', type=EXPENDITURE, createdAt=null, user=User{id=5, username='f11ae409@97c5a807.com'}}}
DEBUG [2017-09-12 04:13:14,019] org.hibernate.SQL: 
    /* insert io.budgetapp.model.Budget
        */ insert 
        into
            budgets
            (id, actual, type_id, category_id, name, period_on, projected, user_id) 
        values
            (default, ?, ?, ?, ?, ?, ?, ?)
DEBUG [2017-09-12 04:13:14,019] org.hibernate.SQL: 
    /* insert io.budgetapp.model.BudgetType
        */ insert 
        into
            budget_types
            (id) 
        values
            (default)
DEBUG [2017-09-12 04:13:14,020] io.budgetapp.dao.BudgetDAO: User User{id=5, username='f11ae409@97c5a807.com'} add budget Budget{id=null, actual=0.0, name='Concerts/Plays', createdAt=null, user=null, category=Category{id=55, name='Entertainment', type=EXPENDITURE, createdAt=null, user=User{id=5, username='f11ae409@97c5a807.com'}}}
DEBUG [2017-09-12 04:13:14,020] org.hibernate.SQL: 
    /* insert io.budgetapp.model.Budget
        */ insert 
        into
            budgets
            (id, actual, type_id, category_id, name, period_on, projected, user_id) 
        values
            (default, ?, ?, ?, ?, ?, ?, ?)
DEBUG [2017-09-12 04:13:14,020] org.hibernate.SQL: 
    /* insert io.budgetapp.model.BudgetType
        */ insert 
        into
            budget_types
            (id) 
        values
            (default)
DEBUG [2017-09-12 04:13:14,021] io.budgetapp.dao.BudgetDAO: User User{id=5, username='f11ae409@97c5a807.com'} add budget Budget{id=null, actual=0.0, name='Books', createdAt=null, user=null, category=Category{id=55, name='Entertainment', type=EXPENDITURE, createdAt=null, user=User{id=5, username='f11ae409@97c5a807.com'}}}
DEBUG [2017-09-12 04:13:14,021] org.hibernate.SQL: 
    /* insert io.budgetapp.model.Budget
        */ insert 
        into
            budgets
            (id, actual, type_id, category_id, name, period_on, projected, user_id) 
        values
            (default, ?, ?, ?, ?, ?, ?, ?)
DEBUG [2017-09-12 04:13:14,021] org.hibernate.SQL: 
    /* insert io.budgetapp.model.BudgetType
        */ insert 
        into
            budget_types
            (id) 
        values
            (default)
DEBUG [2017-09-12 04:13:14,022] io.budgetapp.dao.BudgetDAO: User User{id=5, username='f11ae409@97c5a807.com'} add budget Budget{id=null, actual=0.0, name='Hobbies', createdAt=null, user=null, category=Category{id=55, name='Entertainment', type=EXPENDITURE, createdAt=null, user=User{id=5, username='f11ae409@97c5a807.com'}}}
DEBUG [2017-09-12 04:13:14,022] org.hibernate.SQL: 
    /* insert io.budgetapp.model.Budget
        */ insert 
        into
            budgets
            (id, actual, type_id, category_id, name, period_on, projected, user_id) 
        values
            (default, ?, ?, ?, ?, ?, ?, ?)
DEBUG [2017-09-12 04:13:14,022] org.hibernate.SQL: 
    /* insert io.budgetapp.model.BudgetType
        */ insert 
        into
            budget_types
            (id) 
        values
            (default)
DEBUG [2017-09-12 04:13:14,022] io.budgetapp.dao.BudgetDAO: User User{id=5, username='f11ae409@97c5a807.com'} add budget Budget{id=null, actual=0.0, name='Film/Photos', createdAt=null, user=null, category=Category{id=55, name='Entertainment', type=EXPENDITURE, createdAt=null, user=User{id=5, username='f11ae409@97c5a807.com'}}}
DEBUG [2017-09-12 04:13:14,023] org.hibernate.SQL: 
    /* insert io.budgetapp.model.Budget
        */ insert 
        into
            budgets
            (id, actual, type_id, category_id, name, period_on, projected, user_id) 
        values
            (default, ?, ?, ?, ?, ?, ?, ?)
DEBUG [2017-09-12 04:13:14,023] org.hibernate.SQL: 
    /* insert io.budgetapp.model.BudgetType
        */ insert 
        into
            budget_types
            (id) 
        values
            (default)
DEBUG [2017-09-12 04:13:14,023] io.budgetapp.dao.BudgetDAO: User User{id=5, username='f11ae409@97c5a807.com'} add budget Budget{id=null, actual=0.0, name='Sports', createdAt=null, user=null, category=Category{id=55, name='Entertainment', type=EXPENDITURE, createdAt=null, user=User{id=5, username='f11ae409@97c5a807.com'}}}
DEBUG [2017-09-12 04:13:14,023] org.hibernate.SQL: 
    /* insert io.budgetapp.model.Budget
        */ insert 
        into
            budgets
            (id, actual, type_id, category_id, name, period_on, projected, user_id) 
        values
            (default, ?, ?, ?, ?, ?, ?, ?)
DEBUG [2017-09-12 04:13:14,024] org.hibernate.SQL: 
    /* insert io.budgetapp.model.BudgetType
        */ insert 
        into
            budget_types
            (id) 
        values
            (default)
DEBUG [2017-09-12 04:13:14,024] io.budgetapp.dao.BudgetDAO: User User{id=5, username='f11ae409@97c5a807.com'} add budget Budget{id=null, actual=0.0, name='Outdoor Recreation', createdAt=null, user=null, category=Category{id=55, name='Entertainment', type=EXPENDITURE, createdAt=null, user=User{id=5, username='f11ae409@97c5a807.com'}}}
DEBUG [2017-09-12 04:13:14,024] org.hibernate.SQL: 
    /* insert io.budgetapp.model.Budget
        */ insert 
        into
            budgets
            (id, actual, type_id, category_id, name, period_on, projected, user_id) 
        values
            (default, ?, ?, ?, ?, ?, ?, ?)
DEBUG [2017-09-12 04:13:14,025] org.hibernate.SQL: 
    /* insert io.budgetapp.model.BudgetType
        */ insert 
        into
            budget_types
            (id) 
        values
            (default)
DEBUG [2017-09-12 04:13:14,025] io.budgetapp.dao.BudgetDAO: User User{id=5, username='f11ae409@97c5a807.com'} add budget Budget{id=null, actual=0.0, name='Toys/Gadgets', createdAt=null, user=null, category=Category{id=55, name='Entertainment', type=EXPENDITURE, createdAt=null, user=User{id=5, username='f11ae409@97c5a807.com'}}}
DEBUG [2017-09-12 04:13:14,025] org.hibernate.SQL: 
    /* insert io.budgetapp.model.Budget
        */ insert 
        into
            budgets
            (id, actual, type_id, category_id, name, period_on, projected, user_id) 
        values
            (default, ?, ?, ?, ?, ?, ?, ?)
DEBUG [2017-09-12 04:13:14,026] org.hibernate.SQL: 
    /* insert io.budgetapp.model.BudgetType
        */ insert 
        into
            budget_types
            (id) 
        values
            (default)
DEBUG [2017-09-12 04:13:14,026] io.budgetapp.dao.BudgetDAO: User User{id=5, username='f11ae409@97c5a807.com'} add budget Budget{id=null, actual=0.0, name='Vacation/Travel', createdAt=null, user=null, category=Category{id=55, name='Entertainment', type=EXPENDITURE, createdAt=null, user=User{id=5, username='f11ae409@97c5a807.com'}}}
DEBUG [2017-09-12 04:13:14,026] org.hibernate.SQL: 
    /* insert io.budgetapp.model.Budget
        */ insert 
        into
            budgets
            (id, actual, type_id, category_id, name, period_on, projected, user_id) 
        values
            (default, ?, ?, ?, ?, ?, ?, ?)
DEBUG [2017-09-12 04:13:14,026] org.hibernate.SQL: 
    /* insert io.budgetapp.model.BudgetType
        */ insert 
        into
            budget_types
            (id) 
        values
            (default)
DEBUG [2017-09-12 04:13:14,026] io.budgetapp.dao.BudgetDAO: User User{id=5, username='f11ae409@97c5a807.com'} add budget Budget{id=null, actual=0.0, name='Emergency Fund', createdAt=null, user=null, category=Category{id=56, name='Savings', type=EXPENDITURE, createdAt=null, user=User{id=5, username='f11ae409@97c5a807.com'}}}
DEBUG [2017-09-12 04:13:14,026] org.hibernate.SQL: 
    /* insert io.budgetapp.model.Budget
        */ insert 
        into
            budgets
            (id, actual, type_id, category_id, name, period_on, projected, user_id) 
        values
            (default, ?, ?, ?, ?, ?, ?, ?)
DEBUG [2017-09-12 04:13:14,027] org.hibernate.SQL: 
    /* insert io.budgetapp.model.BudgetType
        */ insert 
        into
            budget_types
            (id) 
        values
            (default)
DEBUG [2017-09-12 04:13:14,027] io.budgetapp.dao.BudgetDAO: User User{id=5, username='f11ae409@97c5a807.com'} add budget Budget{id=null, actual=0.0, name='Transfer to Savings', createdAt=null, user=null, category=Category{id=56, name='Savings', type=EXPENDITURE, createdAt=null, user=User{id=5, username='f11ae409@97c5a807.com'}}}
DEBUG [2017-09-12 04:13:14,027] org.hibernate.SQL: 
    /* insert io.budgetapp.model.Budget
        */ insert 
        into
            budgets
            (id, actual, type_id, category_id, name, period_on, projected, user_id) 
        values
            (default, ?, ?, ?, ?, ?, ?, ?)
DEBUG [2017-09-12 04:13:14,027] org.hibernate.SQL: 
    /* insert io.budgetapp.model.BudgetType
        */ insert 
        into
            budget_types
            (id) 
        values
            (default)
DEBUG [2017-09-12 04:13:14,028] io.budgetapp.dao.BudgetDAO: User User{id=5, username='f11ae409@97c5a807.com'} add budget Budget{id=null, actual=0.0, name='Retirement (401k, IRA)', createdAt=null, user=null, category=Category{id=56, name='Savings', type=EXPENDITURE, createdAt=null, user=User{id=5, username='f11ae409@97c5a807.com'}}}
DEBUG [2017-09-12 04:13:14,028] org.hibernate.SQL: 
    /* insert io.budgetapp.model.Budget
        */ insert 
        into
            budgets
            (id, actual, type_id, category_id, name, period_on, projected, user_id) 
        values
            (default, ?, ?, ?, ?, ?, ?, ?)
DEBUG [2017-09-12 04:13:14,028] org.hibernate.SQL: 
    /* insert io.budgetapp.model.BudgetType
        */ insert 
        into
            budget_types
            (id) 
        values
            (default)
DEBUG [2017-09-12 04:13:14,028] io.budgetapp.dao.BudgetDAO: User User{id=5, username='f11ae409@97c5a807.com'} add budget Budget{id=null, actual=0.0, name='Investments', createdAt=null, user=null, category=Category{id=56, name='Savings', type=EXPENDITURE, createdAt=null, user=User{id=5, username='f11ae409@97c5a807.com'}}}
DEBUG [2017-09-12 04:13:14,028] org.hibernate.SQL: 
    /* insert io.budgetapp.model.Budget
        */ insert 
        into
            budgets
            (id, actual, type_id, category_id, name, period_on, projected, user_id) 
        values
            (default, ?, ?, ?, ?, ?, ?, ?)
DEBUG [2017-09-12 04:13:14,029] org.hibernate.SQL: 
    /* insert io.budgetapp.model.BudgetType
        */ insert 
        into
            budget_types
            (id) 
        values
            (default)
DEBUG [2017-09-12 04:13:14,029] io.budgetapp.dao.BudgetDAO: User User{id=5, username='f11ae409@97c5a807.com'} add budget Budget{id=null, actual=0.0, name='Education', createdAt=null, user=null, category=Category{id=56, name='Savings', type=EXPENDITURE, createdAt=null, user=User{id=5, username='f11ae409@97c5a807.com'}}}
DEBUG [2017-09-12 04:13:14,029] org.hibernate.SQL: 
    /* insert io.budgetapp.model.Budget
        */ insert 
        into
            budgets
            (id, actual, type_id, category_id, name, period_on, projected, user_id) 
        values
            (default, ?, ?, ?, ?, ?, ?, ?)
DEBUG [2017-09-12 04:13:14,029] org.hibernate.SQL: 
    /* insert io.budgetapp.model.BudgetType
        */ insert 
        into
            budget_types
            (id) 
        values
            (default)
DEBUG [2017-09-12 04:13:14,030] io.budgetapp.dao.BudgetDAO: User User{id=5, username='f11ae409@97c5a807.com'} add budget Budget{id=null, actual=0.0, name='Student Loan', createdAt=null, user=null, category=Category{id=57, name='Obligations', type=EXPENDITURE, createdAt=null, user=User{id=5, username='f11ae409@97c5a807.com'}}}
DEBUG [2017-09-12 04:13:14,030] org.hibernate.SQL: 
    /* insert io.budgetapp.model.Budget
        */ insert 
        into
            budgets
            (id, actual, type_id, category_id, name, period_on, projected, user_id) 
        values
            (default, ?, ?, ?, ?, ?, ?, ?)
DEBUG [2017-09-12 04:13:14,030] org.hibernate.SQL: 
    /* insert io.budgetapp.model.BudgetType
        */ insert 
        into
            budget_types
            (id) 
        values
            (default)
DEBUG [2017-09-12 04:13:14,030] io.budgetapp.dao.BudgetDAO: User User{id=5, username='f11ae409@97c5a807.com'} add budget Budget{id=null, actual=0.0, name='Other Loan', createdAt=null, user=null, category=Category{id=57, name='Obligations', type=EXPENDITURE, createdAt=null, user=User{id=5, username='f11ae409@97c5a807.com'}}}
DEBUG [2017-09-12 04:13:14,031] org.hibernate.SQL: 
    /* insert io.budgetapp.model.Budget
        */ insert 
        into
            budgets
            (id, actual, type_id, category_id, name, period_on, projected, user_id) 
        values
            (default, ?, ?, ?, ?, ?, ?, ?)
DEBUG [2017-09-12 04:13:14,031] org.hibernate.SQL: 
    /* insert io.budgetapp.model.BudgetType
        */ insert 
        into
            budget_types
            (id) 
        values
            (default)
DEBUG [2017-09-12 04:13:14,031] io.budgetapp.dao.BudgetDAO: User User{id=5, username='f11ae409@97c5a807.com'} add budget Budget{id=null, actual=0.0, name='Credit Cards', createdAt=null, user=null, category=Category{id=57, name='Obligations', type=EXPENDITURE, createdAt=null, user=User{id=5, username='f11ae409@97c5a807.com'}}}
DEBUG [2017-09-12 04:13:14,031] org.hibernate.SQL: 
    /* insert io.budgetapp.model.Budget
        */ insert 
        into
            budgets
            (id, actual, type_id, category_id, name, period_on, projected, user_id) 
        values
            (default, ?, ?, ?, ?, ?, ?, ?)
DEBUG [2017-09-12 04:13:14,031] org.hibernate.SQL: 
    /* insert io.budgetapp.model.BudgetType
        */ insert 
        into
            budget_types
            (id) 
        values
            (default)
DEBUG [2017-09-12 04:13:14,032] io.budgetapp.dao.BudgetDAO: User User{id=5, username='f11ae409@97c5a807.com'} add budget Budget{id=null, actual=0.0, name='Alimony/Child Care', createdAt=null, user=null, category=Category{id=57, name='Obligations', type=EXPENDITURE, createdAt=null, user=User{id=5, username='f11ae409@97c5a807.com'}}}
DEBUG [2017-09-12 04:13:14,032] org.hibernate.SQL: 
    /* insert io.budgetapp.model.Budget
        */ insert 
        into
            budgets
            (id, actual, type_id, category_id, name, period_on, projected, user_id) 
        values
            (default, ?, ?, ?, ?, ?, ?, ?)
DEBUG [2017-09-12 04:13:14,032] org.hibernate.SQL: 
    /* insert io.budgetapp.model.BudgetType
        */ insert 
        into
            budget_types
            (id) 
        values
            (default)
DEBUG [2017-09-12 04:13:14,032] io.budgetapp.dao.BudgetDAO: User User{id=5, username='f11ae409@97c5a807.com'} add budget Budget{id=null, actual=0.0, name='Federal Taxes', createdAt=null, user=null, category=Category{id=57, name='Obligations', type=EXPENDITURE, createdAt=null, user=User{id=5, username='f11ae409@97c5a807.com'}}}
DEBUG [2017-09-12 04:13:14,032] org.hibernate.SQL: 
    /* insert io.budgetapp.model.Budget
        */ insert 
        into
            budgets
            (id, actual, type_id, category_id, name, period_on, projected, user_id) 
        values
            (default, ?, ?, ?, ?, ?, ?, ?)
DEBUG [2017-09-12 04:13:14,033] org.hibernate.SQL: 
    /* insert io.budgetapp.model.BudgetType
        */ insert 
        into
            budget_types
            (id) 
        values
            (default)
DEBUG [2017-09-12 04:13:14,033] io.budgetapp.dao.BudgetDAO: User User{id=5, username='f11ae409@97c5a807.com'} add budget Budget{id=null, actual=0.0, name='State/Local Taxes', createdAt=null, user=null, category=Category{id=57, name='Obligations', type=EXPENDITURE, createdAt=null, user=User{id=5, username='f11ae409@97c5a807.com'}}}
DEBUG [2017-09-12 04:13:14,033] org.hibernate.SQL: 
    /* insert io.budgetapp.model.Budget
        */ insert 
        into
            budgets
            (id, actual, type_id, category_id, name, period_on, projected, user_id) 
        values
            (default, ?, ?, ?, ?, ?, ?, ?)
DEBUG [2017-09-12 04:13:14,033] org.hibernate.SQL: 
    /* insert io.budgetapp.model.BudgetType
        */ insert 
        into
            budget_types
            (id) 
        values
            (default)
DEBUG [2017-09-12 04:13:14,033] io.budgetapp.dao.BudgetDAO: User User{id=5, username='f11ae409@97c5a807.com'} add budget Budget{id=null, actual=0.0, name='Bank Fees', createdAt=null, user=null, category=Category{id=58, name='Miscellaneous', type=EXPENDITURE, createdAt=null, user=User{id=5, username='f11ae409@97c5a807.com'}}}
DEBUG [2017-09-12 04:13:14,034] org.hibernate.SQL: 
    /* insert io.budgetapp.model.Budget
        */ insert 
        into
            budgets
            (id, actual, type_id, category_id, name, period_on, projected, user_id) 
        values
            (default, ?, ?, ?, ?, ?, ?, ?)
DEBUG [2017-09-12 04:13:14,034] org.hibernate.SQL: 
    /* insert io.budgetapp.model.BudgetType
        */ insert 
        into
            budget_types
            (id) 
        values
            (default)
DEBUG [2017-09-12 04:13:14,034] io.budgetapp.dao.BudgetDAO: User User{id=5, username='f11ae409@97c5a807.com'} add budget Budget{id=null, actual=0.0, name='Postage', createdAt=null, user=null, category=Category{id=58, name='Miscellaneous', type=EXPENDITURE, createdAt=null, user=User{id=5, username='f11ae409@97c5a807.com'}}}
DEBUG [2017-09-12 04:13:14,034] org.hibernate.SQL: 
    /* insert io.budgetapp.model.Budget
        */ insert 
        into
            budgets
            (id, actual, type_id, category_id, name, period_on, projected, user_id) 
        values
            (default, ?, ?, ?, ?, ?, ?, ?)
DEBUG [2017-09-12 04:13:14,038] io.budgetapp.resource.ResourceIT: 1 * Client response received on thread Test worker
1 < 201
1 < Content-Length: 177
1 < Content-Type: application/json
1 < Date: Tue, 12 Sep 2017 04:13:13 GMT
1 < Location: http://localhost:9999/api/users/5
{"id":5,"username":"f11ae409@97c5a807.com","name":null,"createdAt":null,"currency":null,"token":null,"avatar":"https://www.gravatar.com/avatar/2063f14f3db70e231f543a7ac1bd25bd"}

DEBUG [2017-09-12 04:13:14,038] io.budgetapp.resource.ResourceIT: 2 * Sending client request on thread Test worker
2 > POST http://localhost:9999/api/users/auth
2 > Accept: application/json
2 > Content-Type: application/json
{"username":"f11ae409@97c5a807.com","password":"e3545f40"}

INFO  [2017-09-12 04:13:14,039] org.hibernate.engine.internal.StatisticalLoggingSessionEventListener: Session Metrics {
    60650 nanoseconds spent acquiring 2 JDBC connections;
    28561 nanoseconds spent releasing 2 JDBC connections;
    16010935 nanoseconds spent preparing 147 JDBC statements;
    8305542 nanoseconds spent executing 147 JDBC statements;
    0 nanoseconds spent executing 0 JDBC batches;
    0 nanoseconds spent performing 0 L2C puts;
    0 nanoseconds spent performing 0 L2C hits;
    0 nanoseconds spent performing 0 L2C misses;
    446766 nanoseconds spent executing 1 flushes (flushing a total of 145 entities and 0 collections);
    82512 nanoseconds spent executing 2 partial-flushes (flushing a total of 1 entities and 1 collections)
}
127.0.0.1 - - [12/Sep/2017:04:13:14 +0000] "POST /api/users HTTP/1.1" 201 177 "-" "Jersey/2.25.1 (HttpUrlConnection 1.8.0_144)" 85
WARN  [2017-09-12 04:13:14,042] org.hibernate.orm.deprecation: HHH90000022: Hibernate's legacy org.hibernate.Criteria API is deprecated; use the JPA javax.persistence.criteria.CriteriaQuery instead
DEBUG [2017-09-12 04:13:14,043] org.hibernate.SQL: 
    /* criteria query */ select
        this_.id as id1_6_0_,
        this_.created_at as created_2_6_0_,
        this_.currency as currency3_6_0_,
        this_.name as name4_6_0_,
        this_.password as password5_6_0_,
        this_.username as username6_6_0_ 
    from
        users this_ 
    where
        lower(this_.username)=?
WARN  [2017-09-12 04:13:14,044] org.hibernate.orm.deprecation: HHH90000022: Hibernate's legacy org.hibernate.Criteria API is deprecated; use the JPA javax.persistence.criteria.CriteriaQuery instead
DEBUG [2017-09-12 04:13:14,045] org.hibernate.SQL: 
    /* criteria query */ select
        this_.id as id1_0_1_,
        this_.created_at as created_2_0_1_,
        this_.token as token3_0_1_,
        this_.user_id as user_id4_0_1_,
        user2_.id as id1_6_0_,
        user2_.created_at as created_2_6_0_,
        user2_.currency as currency3_6_0_,
        user2_.name as name4_6_0_,
        user2_.password as password5_6_0_,
        user2_.username as username6_6_0_ 
    from
        auth_tokens this_ 
    inner join
        users user2_ 
            on this_.user_id=user2_.id 
    where
        this_.user_id=?
DEBUG [2017-09-12 04:13:14,046] org.hibernate.SQL: 
    /* insert io.budgetapp.model.AuthToken
        */ insert 
        into
            auth_tokens
            (id, token, user_id) 
        values
            (default, ?, ?)
DEBUG [2017-09-12 04:13:14,048] io.budgetapp.resource.ResourceIT: 2 * Client response received on thread Test worker
2 < 200
2 < Content-Length: 220
2 < Content-Type: application/json
2 < Date: Tue, 12 Sep 2017 04:13:14 GMT
{"id":5,"username":"f11ae409@97c5a807.com","name":null,"createdAt":1505189593966,"currency":null,"token":"cd5a6001-7966-45c6-883d-db8c266ce8d4","avatar":"https://www.gravatar.com/avatar/2063f14f3db70e231f543a7ac1bd25bd"}

INFO  [2017-09-12 04:13:14,051] org.hibernate.engine.internal.StatisticalLoggingSessionEventListener: Session Metrics {
    42314 nanoseconds spent acquiring 2 JDBC connections;
    23979 nanoseconds spent releasing 2 JDBC connections;
    643879 nanoseconds spent preparing 3 JDBC statements;
    117775 nanoseconds spent executing 3 JDBC statements;
    0 nanoseconds spent executing 0 JDBC batches;
    0 nanoseconds spent performing 0 L2C puts;
    0 nanoseconds spent performing 0 L2C hits;
    0 nanoseconds spent performing 0 L2C misses;
    62766 nanoseconds spent executing 1 flushes (flushing a total of 2 entities and 0 collections);
    68055 nanoseconds spent executing 2 partial-flushes (flushing a total of 1 entities and 1 collections)
}
DEBUG [2017-09-12 04:13:14,063] io.budgetapp.resource.ResourceIT: 1 * Sending client request on thread Test worker
1 > POST http://localhost:9999/api/categories
1 > Accept: application/json
1 > Authorization: Bearer cd5a6001-7966-45c6-883d-db8c266ce8d4
1 > Content-Type: application/json
{"id":null,"name":"f2b8a977","type":"EXPENDITURE","createdAt":null,"user":null}

127.0.0.1 - - [12/Sep/2017:04:13:14 +0000] "POST /api/users/auth HTTP/1.1" 200 220 "-" "Jersey/2.25.1 (HttpUrlConnection 1.8.0_144)" 11
WARN  [2017-09-12 04:13:14,065] org.hibernate.orm.deprecation: HHH90000022: Hibernate's legacy org.hibernate.Criteria API is deprecated; use the JPA javax.persistence.criteria.CriteriaQuery instead
DEBUG [2017-09-12 04:13:14,066] org.hibernate.SQL: 
    /* criteria query */ select
        this_.id as id1_0_1_,
        this_.created_at as created_2_0_1_,
        this_.token as token3_0_1_,
        this_.user_id as user_id4_0_1_,
        user2_.id as id1_6_0_,
        user2_.created_at as created_2_6_0_,
        user2_.currency as currency3_6_0_,
        user2_.name as name4_6_0_,
        user2_.password as password5_6_0_,
        user2_.username as username6_6_0_ 
    from
        auth_tokens this_ 
    inner join
        users user2_ 
            on this_.user_id=user2_.id 
    where
        this_.token=?
INFO  [2017-09-12 04:13:14,067] org.hibernate.engine.internal.StatisticalLoggingSessionEventListener: Session Metrics {
    43725 nanoseconds spent acquiring 2 JDBC connections;
    23272 nanoseconds spent releasing 2 JDBC connections;
    332870 nanoseconds spent preparing 1 JDBC statements;
    51129 nanoseconds spent executing 1 JDBC statements;
    0 nanoseconds spent executing 0 JDBC batches;
    0 nanoseconds spent performing 0 L2C puts;
    0 nanoseconds spent performing 0 L2C hits;
    0 nanoseconds spent performing 0 L2C misses;
    61002 nanoseconds spent executing 1 flushes (flushing a total of 2 entities and 0 collections);
    5995 nanoseconds spent executing 1 partial-flushes (flushing a total of 0 entities and 0 collections)
}
DEBUG [2017-09-12 04:13:14,072] io.budgetapp.dao.CategoryDAO: Add new category Category{id=null, name='f2b8a977', type=EXPENDITURE, createdAt=null, user=null}
DEBUG [2017-09-12 04:13:14,072] org.hibernate.SQL: 
    /* insert io.budgetapp.model.Category
        */ insert 
        into
            categories
            (id, name, type, user_id) 
        values
            (default, ?, ?, ?)
DEBUG [2017-09-12 04:13:14,075] io.budgetapp.resource.ResourceIT: 1 * Client response received on thread Test worker
1 < 201
1 < Content-Length: 259
[...]
DEBUG [2017-09-12 04:13:14,168] org.hibernate.SQL: 
    /* insert io.budgetapp.model.Budget
        */ insert 
        into
            budgets
            (id, actual, type_id, category_id, name, period_on, projected, user_id) 
        values
            (default, ?, ?, ?, ?, ?, ?, ?)
DEBUG [2017-09-12 04:13:14,169] org.hibernate.SQL: 
    /* insert io.budgetapp.model.BudgetType
        */ insert 
        into
            budget_types
            (id) 
        values
            (default)
DEBUG [2017-09-12 04:13:14,169] io.budgetapp.dao.BudgetDAO: User User{id=6, username='824e2f4e@c37070eb.com'} add budget Budget{id=null, actual=0.0, name='Concerts/Plays', createdAt=null, user=null, category=Category{id=66, name='Entertainment', type=EXPENDITURE, createdAt=null, user=User{id=6, username='824e2f4e@c37070eb.com'}}}
DEBUG [2017-09-12 04:13:14,169] org.hibernate.SQL: 
    /* insert io.budgetapp.model.Budget
        */ insert 
        into
            budgets
            (id, actual, type_id, category_id, name, period_on, projected, user_id) 
        values
            (default, ?, ?, ?, ?, ?, ?, ?)
DEBUG [2017-09-12 04:13:14,169] org.hibernate.SQL: 
    /* insert io.budgetapp.model.BudgetType
        */ insert 
        into
            budget_types
            (id) 
        values
            (default)
DEBUG [2017-09-12 04:13:14,169] io.budgetapp.dao.BudgetDAO: User User{id=6, username='824e2f4e@c37070eb.com'} add budget Budget{id=null, actual=0.0, name='Books', createdAt=null, user=null, category=Category{id=66, name='Entertainment', type=EXPENDITURE, createdAt=null, user=User{id=6, username='824e2f4e@c37070eb.com'}}}
DEBUG [2017-09-12 04:13:14,169] org.hibernate.SQL: 
    /* insert io.budgetapp.model.Budget
        */ insert 
        into
            budgets
            (id, actual, type_id, category_id, name, period_on, projected, user_id) 
        values
            (default, ?, ?, ?, ?, ?, ?, ?)
DEBUG [2017-09-12 04:13:14,169] org.hibernate.SQL: 
    /* insert io.budgetapp.model.BudgetType
        */ insert 
        into
            budget_types
            (id) 
        values
            (default)
DEBUG [2017-09-12 04:13:14,169] io.budgetapp.dao.BudgetDAO: User User{id=6, username='824e2f4e@c37070eb.com'} add budget Budget{id=null, actual=0.0, name='Hobbies', createdAt=null, user=null, category=Category{id=66, name='Entertainment', type=EXPENDITURE, createdAt=null, user=User{id=6, username='824e2f4e@c37070eb.com'}}}
DEBUG [2017-09-12 04:13:14,169] org.hibernate.SQL: 
    /* insert io.budgetapp.model.Budget
        */ insert 
        into
            budgets
            (id, actual, type_id, category_id, name, period_on, projected, user_id) 
        values
            (default, ?, ?, ?, ?, ?, ?, ?)
DEBUG [2017-09-12 04:13:14,169] org.hibernate.SQL: 
    /* insert io.budgetapp.model.BudgetType
        */ insert 
        into
            budget_types
            (id) 
        values
            (default)
DEBUG [2017-09-12 04:13:14,169] io.budgetapp.dao.BudgetDAO: User User{id=6, username='824e2f4e@c37070eb.com'} add budget Budget{id=null, actual=0.0, name='Film/Photos', createdAt=null, user=null, category=Category{id=66, name='Entertainment', type=EXPENDITURE, createdAt=null, user=User{id=6, username='824e2f4e@c37070eb.com'}}}
DEBUG [2017-09-12 04:13:14,169] org.hibernate.SQL: 
    /* insert io.budgetapp.model.Budget
        */ insert 
        into
            budgets
            (id, actual, type_id, category_id, name, period_on, projected, user_id) 
        values
            (default, ?, ?, ?, ?, ?, ?, ?)
DEBUG [2017-09-12 04:13:14,170] org.hibernate.SQL: 
    /* insert io.budgetapp.model.BudgetType
        */ insert 
        into
            budget_types
            (id) 
        values
            (default)
DEBUG [2017-09-12 04:13:14,170] io.budgetapp.dao.BudgetDAO: User User{id=6, username='824e2f4e@c37070eb.com'} add budget Budget{id=null, actual=0.0, name='Sports', createdAt=null, user=null, category=Category{id=66, name='Entertainment', type=EXPENDITURE, createdAt=null, user=User{id=6, username='824e2f4e@c37070eb.com'}}}
DEBUG [2017-09-12 04:13:14,170] org.hibernate.SQL: 
    /* insert io.budgetapp.model.Budget
        */ insert 
        into
            budgets
            (id, actual, type_id, category_id, name, period_on, projected, user_id) 
        values
            (default, ?, ?, ?, ?, ?, ?, ?)
DEBUG [2017-09-12 04:13:14,170] org.hibernate.SQL: 
    /* insert io.budgetapp.model.BudgetType
        */ insert 
        into
            budget_types
            (id) 
        values
            (default)
DEBUG [2017-09-12 04:13:14,170] io.budgetapp.dao.BudgetDAO: User User{id=6, username='824e2f4e@c37070eb.com'} add budget Budget{id=null, actual=0.0, name='Outdoor Recreation', createdAt=null, user=null, category=Category{id=66, name='Entertainment', type=EXPENDITURE, createdAt=null, user=User{id=6, username='824e2f4e@c37070eb.com'}}}
DEBUG [2017-09-12 04:13:14,170] org.hibernate.SQL: 
    /* insert io.budgetapp.model.Budget
        */ insert 
        into
            budgets
            (id, actual, type_id, category_id, name, period_on, projected, user_id) 
        values
            (default, ?, ?, ?, ?, ?, ?, ?)
DEBUG [2017-09-12 04:13:14,170] org.hibernate.SQL: 
    /* insert io.budgetapp.model.BudgetType
        */ insert 
        into
            budget_types
            (id) 
        values
            (default)
DEBUG [2017-09-12 04:13:14,170] io.budgetapp.dao.BudgetDAO: User User{id=6, username='824e2f4e@c37070eb.com'} add budget Budget{id=null, actual=0.0, name='Toys/Gadgets', createdAt=null, user=null, category=Category{id=66, name='Entertainment', type=EXPENDITURE, createdAt=null, user=User{id=6, username='824e2f4e@c37070eb.com'}}}
DEBUG [2017-09-12 04:13:14,170] org.hibernate.SQL: 
    /* insert io.budgetapp.model.Budget
        */ insert 
        into
            budgets
            (id, actual, type_id, category_id, name, period_on, projected, user_id) 
        values
            (default, ?, ?, ?, ?, ?, ?, ?)
DEBUG [2017-09-12 04:13:14,170] org.hibernate.SQL: 
    /* insert io.budgetapp.model.BudgetType
        */ insert 
        into
            budget_types
            (id) 
        values
            (default)
DEBUG [2017-09-12 04:13:14,170] io.budgetapp.dao.BudgetDAO: User User{id=6, username='824e2f4e@c37070eb.com'} add budget Budget{id=null, actual=0.0, name='Vacation/Travel', createdAt=null, user=null, category=Category{id=66, name='Entertainment', type=EXPENDITURE, createdAt=null, user=User{id=6, username='824e2f4e@c37070eb.com'}}}
DEBUG [2017-09-12 04:13:14,171] org.hibernate.SQL: 
    /* insert io.budgetapp.model.Budget
        */ insert 
        into
            budgets
            (id, actual, type_id, category_id, name, period_on, projected, user_id) 
        values
            (default, ?, ?, ?, ?, ?, ?, ?)
DEBUG [2017-09-12 04:13:14,171] org.hibernate.SQL: 
    /* insert io.budgetapp.model.BudgetType
        */ insert 
        into
            budget_types
            (id) 
        values
            (default)
DEBUG [2017-09-12 04:13:14,171] io.budgetapp.dao.BudgetDAO: User User{id=6, username='824e2f4e@c37070eb.com'} add budget Budget{id=null, actual=0.0, name='Emergency Fund', createdAt=null, user=null, category=Category{id=67, name='Savings', type=EXPENDITURE, createdAt=null, user=User{id=6, username='824e2f4e@c37070eb.com'}}}
DEBUG [2017-09-12 04:13:14,171] org.hibernate.SQL: 
    /* insert io.budgetapp.model.Budget
        */ insert 
        into
            budgets
            (id, actual, type_id, category_id, name, period_on, projected, user_id) 
        values
            (default, ?, ?, ?, ?, ?, ?, ?)
DEBUG [2017-09-12 04:13:14,171] org.hibernate.SQL: 
    /* insert io.budgetapp.model.BudgetType
        */ insert 
        into
            budget_types
            (id) 
        values
            (default)
DEBUG [2017-09-12 04:13:14,171] io.budgetapp.dao.BudgetDAO: User User{id=6, username='824e2f4e@c37070eb.com'} add budget Budget{id=null, actual=0.0, name='Transfer to Savings', createdAt=null, user=null, category=Category{id=67, name='Savings', type=EXPENDITURE, createdAt=null, user=User{id=6, username='824e2f4e@c37070eb.com'}}}
DEBUG [2017-09-12 04:13:14,171] org.hibernate.SQL: 
    /* insert io.budgetapp.model.Budget
        */ insert 
        into
            budgets
            (id, actual, type_id, category_id, name, period_on, projected, user_id) 
        values
            (default, ?, ?, ?, ?, ?, ?, ?)
DEBUG [2017-09-12 04:13:14,171] org.hibernate.SQL: 
    /* insert io.budgetapp.model.BudgetType
        */ insert 
        into
            budget_types
            (id) 
        values
            (default)
DEBUG [2017-09-12 04:13:14,171] io.budgetapp.dao.BudgetDAO: User User{id=6, username='824e2f4e@c37070eb.com'} add budget Budget{id=null, actual=0.0, name='Retirement (401k, IRA)', createdAt=null, user=null, category=Category{id=67, name='Savings', type=EXPENDITURE, createdAt=null, user=User{id=6, username='824e2f4e@c37070eb.com'}}}
DEBUG [2017-09-12 04:13:14,171] org.hibernate.SQL: 
    /* insert io.budgetapp.model.Budget
        */ insert 
        into
            budgets
            (id, actual, type_id, category_id, name, period_on, projected, user_id) 
        values
            (default, ?, ?, ?, ?, ?, ?, ?)
DEBUG [2017-09-12 04:13:14,172] org.hibernate.SQL: 
    /* insert io.budgetapp.model.BudgetType
        */ insert 
        into
            budget_types
            (id) 
        values
            (default)
DEBUG [2017-09-12 04:13:14,172] io.budgetapp.dao.BudgetDAO: User User{id=6, username='824e2f4e@c37070eb.com'} add budget Budget{id=null, actual=0.0, name='Investments', createdAt=null, user=null, category=Category{id=67, name='Savings', type=EXPENDITURE, createdAt=null, user=User{id=6, username='824e2f4e@c37070eb.com'}}}
DEBUG [2017-09-12 04:13:14,172] org.hibernate.SQL: 
    /* insert io.budgetapp.model.Budget
        */ insert 
        into
            budgets
            (id, actual, type_id, category_id, name, period_on, projected, user_id) 
        values
            (default, ?, ?, ?, ?, ?, ?, ?)
DEBUG [2017-09-12 04:13:14,172] org.hibernate.SQL: 
    /* insert io.budgetapp.model.BudgetType
        */ insert 
        into
            budget_types
            (id) 
        values
            (default)
DEBUG [2017-09-12 04:13:14,172] io.budgetapp.dao.BudgetDAO: User User{id=6, username='824e2f4e@c37070eb.com'} add budget Budget{id=null, actual=0.0, name='Education', createdAt=null, user=null, category=Category{id=67, name='Savings', type=EXPENDITURE, createdAt=null, user=User{id=6, username='824e2f4e@c37070eb.com'}}}
DEBUG [2017-09-12 04:13:14,172] org.hibernate.SQL: 
    /* insert io.budgetapp.model.Budget
        */ insert 
        into
            budgets
            (id, actual, type_id, category_id, name, period_on, projected, user_id) 
        values
            (default, ?, ?, ?, ?, ?, ?, ?)
DEBUG [2017-09-12 04:13:14,172] org.hibernate.SQL: 
    /* insert io.budgetapp.model.BudgetType
        */ insert 
        into
            budget_types
            (id) 
        values
            (default)
DEBUG [2017-09-12 04:13:14,172] io.budgetapp.dao.BudgetDAO: User User{id=6, username='824e2f4e@c37070eb.com'} add budget Budget{id=null, actual=0.0, name='Student Loan', createdAt=null, user=null, category=Category{id=68, name='Obligations', type=EXPENDITURE, createdAt=null, user=User{id=6, username='824e2f4e@c37070eb.com'}}}
DEBUG [2017-09-12 04:13:14,172] org.hibernate.SQL: 
    /* insert io.budgetapp.model.Budget
        */ insert 
        into
            budgets
            (id, actual, type_id, category_id, name, period_on, projected, user_id) 
        values
            (default, ?, ?, ?, ?, ?, ?, ?)
DEBUG [2017-09-12 04:13:14,173] org.hibernate.SQL: 
    /* insert io.budgetapp.model.BudgetType
        */ insert 
        into
            budget_types
            (id) 
        values
            (default)
DEBUG [2017-09-12 04:13:14,173] io.budgetapp.dao.BudgetDAO: User User{id=6, username='824e2f4e@c37070eb.com'} add budget Budget{id=null, actual=0.0, name='Other Loan', createdAt=null, user=null, category=Category{id=68, name='Obligations', type=EXPENDITURE, createdAt=null, user=User{id=6, username='824e2f4e@c37070eb.com'}}}
DEBUG [2017-09-12 04:13:14,173] org.hibernate.SQL: 
    /* insert io.budgetapp.model.Budget
        */ insert 
        into
            budgets
            (id, actual, type_id, category_id, name, period_on, projected, user_id) 
        values
            (default, ?, ?, ?, ?, ?, ?, ?)
DEBUG [2017-09-12 04:13:14,173] org.hibernate.SQL: 
    /* insert io.budgetapp.model.BudgetType
        */ insert 
        into
            budget_types
            (id) 
        values
            (default)
DEBUG [2017-09-12 04:13:14,173] io.budgetapp.dao.BudgetDAO: User User{id=6, username='824e2f4e@c37070eb.com'} add budget Budget{id=null, actual=0.0, name='Credit Cards', createdAt=null, user=null, category=Category{id=68, name='Obligations', type=EXPENDITURE, createdAt=null, user=User{id=6, username='824e2f4e@c37070eb.com'}}}
DEBUG [2017-09-12 04:13:14,173] org.hibernate.SQL: 
    /* insert io.budgetapp.model.Budget
        */ insert 
        into
            budgets
            (id, actual, type_id, category_id, name, period_on, projected, user_id) 
        values
            (default, ?, ?, ?, ?, ?, ?, ?)
DEBUG [2017-09-12 04:13:14,173] org.hibernate.SQL: 
    /* insert io.budgetapp.model.BudgetType
        */ insert 
        into
            budget_types
            (id) 
        values
            (default)
DEBUG [2017-09-12 04:13:14,173] io.budgetapp.dao.BudgetDAO: User User{id=6, username='824e2f4e@c37070eb.com'} add budget Budget{id=null, actual=0.0, name='Alimony/Child Care', createdAt=null, user=null, category=Category{id=68, name='Obligations', type=EXPENDITURE, createdAt=null, user=User{id=6, username='824e2f4e@c37070eb.com'}}}
DEBUG [2017-09-12 04:13:14,173] org.hibernate.SQL: 
    /* insert io.budgetapp.model.Budget
        */ insert 
        into
            budgets
            (id, actual, type_id, category_id, name, period_on, projected, user_id) 
        values
            (default, ?, ?, ?, ?, ?, ?, ?)
DEBUG [2017-09-12 04:13:14,173] org.hibernate.SQL: 
    /* insert io.budgetapp.model.BudgetType
        */ insert 
        into
            budget_types
            (id) 
        values
            (default)
DEBUG [2017-09-12 04:13:14,173] io.budgetapp.dao.BudgetDAO: User User{id=6, username='824e2f4e@c37070eb.com'} add budget Budget{id=null, actual=0.0, name='Federal Taxes', createdAt=null, user=null, category=Category{id=68, name='Obligations', type=EXPENDITURE, createdAt=null, user=User{id=6, username='824e2f4e@c37070eb.com'}}}
DEBUG [2017-09-12 04:13:14,174] org.hibernate.SQL: 
    /* insert io.budgetapp.model.Budget
        */ insert 
        into
            budgets
            (id, actual, type_id, category_id, name, period_on, projected, user_id) 
        values
            (default, ?, ?, ?, ?, ?, ?, ?)
DEBUG [2017-09-12 04:13:14,174] org.hibernate.SQL: 
    /* insert io.budgetapp.model.BudgetType
        */ insert 
        into
            budget_types
            (id) 
        values
            (default)
DEBUG [2017-09-12 04:13:14,174] io.budgetapp.dao.BudgetDAO: User User{id=6, username='824e2f4e@c37070eb.com'} add budget Budget{id=null, actual=0.0, name='State/Local Taxes', createdAt=null, user=null, category=Category{id=68, name='Obligations', type=EXPENDITURE, createdAt=null, user=User{id=6, username='824e2f4e@c37070eb.com'}}}
DEBUG [2017-09-12 04:13:14,174] org.hibernate.SQL: 
    /* insert io.budgetapp.model.Budget
        */ insert 
        into
            budgets
            (id, actual, type_id, category_id, name, period_on, projected, user_id) 
        values
            (default, ?, ?, ?, ?, ?, ?, ?)
DEBUG [2017-09-12 04:13:14,174] org.hibernate.SQL: 
    /* insert io.budgetapp.model.BudgetType
        */ insert 
        into
            budget_types
            (id) 
        values
            (default)
DEBUG [2017-09-12 04:13:14,174] io.budgetapp.dao.BudgetDAO: User User{id=6, username='824e2f4e@c37070eb.com'} add budget Budget{id=null, actual=0.0, name='Bank Fees', createdAt=null, user=null, category=Category{id=69, name='Miscellaneous', type=EXPENDITURE, createdAt=null, user=User{id=6, username='824e2f4e@c37070eb.com'}}}
DEBUG [2017-09-12 04:13:14,174] org.hibernate.SQL: 
    /* insert io.budgetapp.model.Budget
        */ insert 
        into
            budgets
            (id, actual, type_id, category_id, name, period_on, projected, user_id) 
        values
            (default, ?, ?, ?, ?, ?, ?, ?)
DEBUG [2017-09-12 04:13:14,174] org.hibernate.SQL: 
    /* insert io.budgetapp.model.BudgetType
        */ insert 
        into
            budget_types
            (id) 
        values
            (default)
DEBUG [2017-09-12 04:13:14,174] io.budgetapp.dao.BudgetDAO: User User{id=6, username='824e2f4e@c37070eb.com'} add budget Budget{id=null, actual=0.0, name='Postage', createdAt=null, user=null, category=Category{id=69, name='Miscellaneous', type=EXPENDITURE, createdAt=null, user=User{id=6, username='824e2f4e@c37070eb.com'}}}
DEBUG [2017-09-12 04:13:14,174] org.hibernate.SQL: 
    /* insert io.budgetapp.model.Budget
        */ insert 
        into
            budgets
            (id, actual, type_id, category_id, name, period_on, projected, user_id) 
        values
            (default, ?, ?, ?, ?, ?, ?, ?)
DEBUG [2017-09-12 04:13:14,176] io.budgetapp.resource.ResourceIT: 6 * Client response received on thread Test worker
6 < 201
6 < Content-Length: 177
6 < Content-Type: application/json
6 < Date: Tue, 12 Sep 2017 04:13:14 GMT
6 < Location: http://localhost:9999/api/users/6
{"id":6,"username":"824e2f4e@c37070eb.com","name":null,"createdAt":null,"currency":null,"token":null,"avatar":"https://www.gravatar.com/avatar/6caabd7f141d8b53090a60998023315b"}

INFO  [2017-09-12 04:13:14,176] org.hibernate.engine.internal.StatisticalLoggingSessionEventListener: Session Metrics {
    49014 nanoseconds spent acquiring 2 JDBC connections;
    28210 nanoseconds spent releasing 2 JDBC connections;
    6642597 nanoseconds spent preparing 147 JDBC statements;
    3507134 nanoseconds spent executing 147 JDBC statements;
    0 nanoseconds spent executing 0 JDBC batches;
    0 nanoseconds spent performing 0 L2C puts;
    0 nanoseconds spent performing 0 L2C hits;
    0 nanoseconds spent performing 0 L2C misses;
    506006 nanoseconds spent executing 1 flushes (flushing a total of 145 entities and 0 collections);
    55361 nanoseconds spent executing 2 partial-flushes (flushing a total of 1 entities and 1 collections)
}
127.0.0.1 - - [12/Sep/2017:04:13:14 +0000] "POST /api/users HTTP/1.1" 201 177 "-" "Jersey/2.25.1 (HttpUrlConnection 1.8.0_144)" 34
INFO  [2017-09-12 04:13:14,178] org.eclipse.jetty.server.AbstractConnector: Stopped application@19c847e9{HTTP/1.1,[http/1.1]}{0.0.0.0:9999}
INFO  [2017-09-12 04:13:14,179] org.eclipse.jetty.server.AbstractConnector: Stopped admin@4dc52104{HTTP/1.1,[http/1.1]}{0.0.0.0:8081}
INFO  [2017-09-12 04:13:14,179] org.eclipse.jetty.server.handler.ContextHandler: Stopped i.d.j.MutableServletContextHandler@7952baf3{/,null,UNAVAILABLE}
INFO  [2017-09-12 04:13:14,181] org.eclipse.jetty.ContextHandler.4a8884d1: org.tuckey.web.filters.urlrewrite.UrlRewriteFilter INFO: destroy called
INFO  [2017-09-12 04:13:14,181] org.eclipse.jetty.server.handler.ContextHandler: Stopped i.d.j.MutableServletContextHandler@4a8884d1{/,null,UNAVAILABLE}
]]></system-out>
  <system-err><![CDATA[]]></system-err>
</testsuite>
